[2025-10-19T16:28:31.762+0000] {local_task_job_runner.py:120} INFO - ::group::Pre task execution logs
[2025-10-19T16:28:31.804+0000] {taskinstance.py:2076} INFO - Dependencies all met for dep_context=non-requeueable deps ti=<TaskInstance: sandbox_dag.python_task manual__2025-10-19T16:28:28.578643+00:00 [queued]>
[2025-10-19T16:28:31.819+0000] {taskinstance.py:2076} INFO - Dependencies all met for dep_context=requeueable deps ti=<TaskInstance: sandbox_dag.python_task manual__2025-10-19T16:28:28.578643+00:00 [queued]>
[2025-10-19T16:28:31.821+0000] {taskinstance.py:2306} INFO - Starting attempt 1 of 2
[2025-10-19T16:28:31.845+0000] {taskinstance.py:2330} INFO - Executing <Task(PythonOperator): python_task> on 2025-10-19 16:28:28.578643+00:00
[2025-10-19T16:28:31.854+0000] {warnings.py:112} WARNING - /home/***/.local/lib/python3.12/site-packages/***/task/task_runner/standard_task_runner.py:61: DeprecationWarning: This process (pid=109) is multi-threaded, use of fork() may lead to deadlocks in the child.
  pid = os.fork()

[2025-10-19T16:28:31.856+0000] {standard_task_runner.py:63} INFO - Started process 110 to run task
[2025-10-19T16:28:31.856+0000] {standard_task_runner.py:90} INFO - Running: ['***', 'tasks', 'run', 'sandbox_dag', 'python_task', 'manual__2025-10-19T16:28:28.578643+00:00', '--job-id', '20', '--raw', '--subdir', 'DAGS_FOLDER/sandbox.py', '--cfg-path', '/tmp/tmpw6ty_q2a']
[2025-10-19T16:28:31.858+0000] {standard_task_runner.py:91} INFO - Job 20: Subtask python_task
[2025-10-19T16:28:31.931+0000] {task_command.py:426} INFO - Running <TaskInstance: sandbox_dag.python_task manual__2025-10-19T16:28:28.578643+00:00 [running]> on host be4256a5cf8e
[2025-10-19T16:28:32.074+0000] {taskinstance.py:2648} INFO - Exporting env vars: AIRFLOW_CTX_DAG_OWNER='***' AIRFLOW_CTX_DAG_ID='sandbox_dag' AIRFLOW_CTX_TASK_ID='python_task' AIRFLOW_CTX_EXECUTION_DATE='2025-10-19T16:28:28.578643+00:00' AIRFLOW_CTX_TRY_NUMBER='1' AIRFLOW_CTX_DAG_RUN_ID='manual__2025-10-19T16:28:28.578643+00:00'
[2025-10-19T16:28:32.075+0000] {taskinstance.py:430} INFO - ::endgroup::
[2025-10-19T16:28:32.095+0000] {logging_mixin.py:188} INFO - Hello, Yashwanth – Airflow is orchestrating successfully!
[2025-10-19T16:28:32.096+0000] {python.py:237} INFO - Done. Returned value was: None
[2025-10-19T16:28:32.099+0000] {taskinstance.py:441} INFO - ::group::Post task execution logs
[2025-10-19T16:28:32.114+0000] {taskinstance.py:1206} INFO - Marking task as SUCCESS. dag_id=sandbox_dag, task_id=python_task, run_id=manual__2025-10-19T16:28:28.578643+00:00, execution_date=20251019T162828, start_date=20251019T162831, end_date=20251019T162832
[2025-10-19T16:28:32.152+0000] {local_task_job_runner.py:240} INFO - Task exited with return code 0
[2025-10-19T16:28:32.177+0000] {taskinstance.py:3503} INFO - 0 downstream tasks scheduled from follow-on schedule check
[2025-10-19T16:28:32.181+0000] {local_task_job_runner.py:222} INFO - ::endgroup::
