[2025-10-05T20:10:32.575+0000] {processor.py:161} INFO - Started process (PID=96) to work on /opt/airflow/dags/airflow.py
[2025-10-05T20:10:32.576+0000] {processor.py:830} INFO - Processing file /opt/airflow/dags/airflow.py for tasks to queue
[2025-10-05T20:10:32.580+0000] {logging_mixin.py:188} INFO - [2025-10-05T20:10:32.579+0000] {dagbag.py:545} INFO - Filling up the DagBag from /opt/airflow/dags/airflow.py
[2025-10-05T20:10:32.617+0000] {logging_mixin.py:188} INFO - [2025-10-05T20:10:32.612+0000] {dagbag.py:355} ERROR - Failed to import: /opt/airflow/dags/airflow.py
Traceback (most recent call last):
  File "/home/airflow/.local/lib/python3.12/site-packages/airflow/models/dagbag.py", line 351, in parse
    loader.exec_module(new_module)
  File "<frozen importlib._bootstrap_external>", line 995, in exec_module
  File "<frozen importlib._bootstrap>", line 488, in _call_with_frames_removed
  File "/opt/airflow/dags/airflow.py", line 4, in <module>
    from airflow.providers.standard.operators.python import PythonOperator
ModuleNotFoundError: No module named 'airflow.providers.standard'
[2025-10-05T20:10:32.620+0000] {processor.py:842} WARNING - No viable dags retrieved from /opt/airflow/dags/airflow.py
[2025-10-05T20:10:32.652+0000] {processor.py:183} INFO - Processing /opt/airflow/dags/airflow.py took 0.088 seconds
[2025-10-05T20:11:02.859+0000] {processor.py:161} INFO - Started process (PID=103) to work on /opt/airflow/dags/airflow.py
[2025-10-05T20:11:02.860+0000] {processor.py:830} INFO - Processing file /opt/airflow/dags/airflow.py for tasks to queue
[2025-10-05T20:11:02.867+0000] {logging_mixin.py:188} INFO - [2025-10-05T20:11:02.866+0000] {dagbag.py:545} INFO - Filling up the DagBag from /opt/airflow/dags/airflow.py
[2025-10-05T20:11:02.899+0000] {logging_mixin.py:188} INFO - [2025-10-05T20:11:02.893+0000] {dagbag.py:355} ERROR - Failed to import: /opt/airflow/dags/airflow.py
Traceback (most recent call last):
  File "/home/airflow/.local/lib/python3.12/site-packages/airflow/models/dagbag.py", line 351, in parse
    loader.exec_module(new_module)
  File "<frozen importlib._bootstrap_external>", line 995, in exec_module
  File "<frozen importlib._bootstrap>", line 488, in _call_with_frames_removed
  File "/opt/airflow/dags/airflow.py", line 4, in <module>
    from airflow.providers.standard.operators.python import PythonOperator
ModuleNotFoundError: No module named 'airflow.providers.standard'
[2025-10-05T20:11:02.902+0000] {processor.py:842} WARNING - No viable dags retrieved from /opt/airflow/dags/airflow.py
[2025-10-05T20:11:02.927+0000] {processor.py:183} INFO - Processing /opt/airflow/dags/airflow.py took 0.075 seconds
[2025-10-05T20:11:33.085+0000] {processor.py:161} INFO - Started process (PID=110) to work on /opt/airflow/dags/airflow.py
[2025-10-05T20:11:33.087+0000] {processor.py:830} INFO - Processing file /opt/airflow/dags/airflow.py for tasks to queue
[2025-10-05T20:11:33.092+0000] {logging_mixin.py:188} INFO - [2025-10-05T20:11:33.092+0000] {dagbag.py:545} INFO - Filling up the DagBag from /opt/airflow/dags/airflow.py
[2025-10-05T20:11:33.125+0000] {logging_mixin.py:188} INFO - [2025-10-05T20:11:33.118+0000] {dagbag.py:355} ERROR - Failed to import: /opt/airflow/dags/airflow.py
Traceback (most recent call last):
  File "/home/airflow/.local/lib/python3.12/site-packages/airflow/models/dagbag.py", line 351, in parse
    loader.exec_module(new_module)
  File "<frozen importlib._bootstrap_external>", line 995, in exec_module
  File "<frozen importlib._bootstrap>", line 488, in _call_with_frames_removed
  File "/opt/airflow/dags/airflow.py", line 4, in <module>
    from airflow.providers.standard.operators.python import PythonOperator
ModuleNotFoundError: No module named 'airflow.providers.standard'
[2025-10-05T20:11:33.128+0000] {processor.py:842} WARNING - No viable dags retrieved from /opt/airflow/dags/airflow.py
[2025-10-05T20:11:33.154+0000] {processor.py:183} INFO - Processing /opt/airflow/dags/airflow.py took 0.089 seconds
[2025-10-05T20:11:51.323+0000] {processor.py:161} INFO - Started process (PID=117) to work on /opt/airflow/dags/airflow.py
[2025-10-05T20:11:51.325+0000] {processor.py:830} INFO - Processing file /opt/airflow/dags/airflow.py for tasks to queue
[2025-10-05T20:11:51.327+0000] {logging_mixin.py:188} INFO - [2025-10-05T20:11:51.327+0000] {dagbag.py:545} INFO - Filling up the DagBag from /opt/airflow/dags/airflow.py
[2025-10-05T20:11:53.883+0000] {processor.py:840} INFO - DAG(s) 'Airflow_Lab1' retrieved from /opt/airflow/dags/airflow.py
[2025-10-05T20:11:54.111+0000] {logging_mixin.py:188} INFO - [2025-10-05T20:11:54.110+0000] {override.py:1829} INFO - Created Permission View: can delete on DAG:Airflow_Lab1
[2025-10-05T20:11:54.122+0000] {logging_mixin.py:188} INFO - [2025-10-05T20:11:54.121+0000] {override.py:1829} INFO - Created Permission View: can read on DAG:Airflow_Lab1
[2025-10-05T20:11:54.129+0000] {logging_mixin.py:188} INFO - [2025-10-05T20:11:54.129+0000] {override.py:1829} INFO - Created Permission View: can edit on DAG:Airflow_Lab1
[2025-10-05T20:11:54.130+0000] {logging_mixin.py:188} INFO - [2025-10-05T20:11:54.130+0000] {dag.py:3096} INFO - Sync 1 DAGs
[2025-10-05T20:11:54.143+0000] {logging_mixin.py:188} INFO - [2025-10-05T20:11:54.143+0000] {dag.py:3118} INFO - Creating ORM DAG for Airflow_Lab1
[2025-10-05T20:11:54.157+0000] {logging_mixin.py:188} INFO - [2025-10-05T20:11:54.157+0000] {dag.py:3954} INFO - Setting next_dagrun for Airflow_Lab1 to 2025-10-04 00:00:00+00:00, run_after=2025-10-05 00:00:00+00:00
[2025-10-05T20:11:54.181+0000] {processor.py:183} INFO - Processing /opt/airflow/dags/airflow.py took 2.867 seconds
[2025-10-05T20:12:24.484+0000] {processor.py:161} INFO - Started process (PID=140) to work on /opt/airflow/dags/airflow.py
[2025-10-05T20:12:24.485+0000] {processor.py:830} INFO - Processing file /opt/airflow/dags/airflow.py for tasks to queue
[2025-10-05T20:12:24.488+0000] {logging_mixin.py:188} INFO - [2025-10-05T20:12:24.488+0000] {dagbag.py:545} INFO - Filling up the DagBag from /opt/airflow/dags/airflow.py
[2025-10-05T20:12:25.990+0000] {processor.py:840} INFO - DAG(s) 'Airflow_Lab1' retrieved from /opt/airflow/dags/airflow.py
[2025-10-05T20:12:26.026+0000] {logging_mixin.py:188} INFO - [2025-10-05T20:12:26.025+0000] {dag.py:3096} INFO - Sync 1 DAGs
[2025-10-05T20:12:26.057+0000] {logging_mixin.py:188} INFO - [2025-10-05T20:12:26.056+0000] {dag.py:3954} INFO - Setting next_dagrun for Airflow_Lab1 to 2025-10-04 00:00:00+00:00, run_after=2025-10-05 00:00:00+00:00
[2025-10-05T20:12:26.088+0000] {processor.py:183} INFO - Processing /opt/airflow/dags/airflow.py took 1.613 seconds
[2025-10-05T20:12:56.415+0000] {processor.py:161} INFO - Started process (PID=163) to work on /opt/airflow/dags/airflow.py
[2025-10-05T20:12:56.417+0000] {processor.py:830} INFO - Processing file /opt/airflow/dags/airflow.py for tasks to queue
[2025-10-05T20:12:56.420+0000] {logging_mixin.py:188} INFO - [2025-10-05T20:12:56.419+0000] {dagbag.py:545} INFO - Filling up the DagBag from /opt/airflow/dags/airflow.py
[2025-10-05T20:12:57.975+0000] {processor.py:840} INFO - DAG(s) 'Airflow_Lab1' retrieved from /opt/airflow/dags/airflow.py
[2025-10-05T20:12:58.014+0000] {logging_mixin.py:188} INFO - [2025-10-05T20:12:58.013+0000] {dag.py:3096} INFO - Sync 1 DAGs
[2025-10-05T20:12:58.044+0000] {logging_mixin.py:188} INFO - [2025-10-05T20:12:58.044+0000] {dag.py:3954} INFO - Setting next_dagrun for Airflow_Lab1 to 2025-10-04 00:00:00+00:00, run_after=2025-10-05 00:00:00+00:00
[2025-10-05T20:12:58.074+0000] {processor.py:183} INFO - Processing /opt/airflow/dags/airflow.py took 1.670 seconds
[2025-10-05T20:13:05.818+0000] {processor.py:161} INFO - Started process (PID=180) to work on /opt/airflow/dags/airflow.py
[2025-10-05T20:13:05.820+0000] {processor.py:830} INFO - Processing file /opt/airflow/dags/airflow.py for tasks to queue
[2025-10-05T20:13:05.823+0000] {logging_mixin.py:188} INFO - [2025-10-05T20:13:05.823+0000] {dagbag.py:545} INFO - Filling up the DagBag from /opt/airflow/dags/airflow.py
[2025-10-05T20:13:07.414+0000] {processor.py:840} INFO - DAG(s) 'Airflow_Lab1' retrieved from /opt/airflow/dags/airflow.py
[2025-10-05T20:13:07.594+0000] {logging_mixin.py:188} INFO - [2025-10-05T20:13:07.593+0000] {dag.py:3096} INFO - Sync 1 DAGs
[2025-10-05T20:13:07.623+0000] {logging_mixin.py:188} INFO - [2025-10-05T20:13:07.623+0000] {dag.py:3954} INFO - Setting next_dagrun for Airflow_Lab1 to 2025-10-04 00:00:00+00:00, run_after=2025-10-05 00:00:00+00:00
[2025-10-05T20:13:07.656+0000] {processor.py:183} INFO - Processing /opt/airflow/dags/airflow.py took 1.848 seconds
[2025-10-05T20:13:37.974+0000] {processor.py:161} INFO - Started process (PID=203) to work on /opt/airflow/dags/airflow.py
[2025-10-05T20:13:37.975+0000] {processor.py:830} INFO - Processing file /opt/airflow/dags/airflow.py for tasks to queue
[2025-10-05T20:13:37.980+0000] {logging_mixin.py:188} INFO - [2025-10-05T20:13:37.979+0000] {dagbag.py:545} INFO - Filling up the DagBag from /opt/airflow/dags/airflow.py
[2025-10-05T20:13:39.612+0000] {processor.py:840} INFO - DAG(s) 'Airflow_Lab1' retrieved from /opt/airflow/dags/airflow.py
[2025-10-05T20:13:39.644+0000] {logging_mixin.py:188} INFO - [2025-10-05T20:13:39.644+0000] {dag.py:3096} INFO - Sync 1 DAGs
[2025-10-05T20:13:39.667+0000] {logging_mixin.py:188} INFO - [2025-10-05T20:13:39.666+0000] {dag.py:3954} INFO - Setting next_dagrun for Airflow_Lab1 to 2025-10-04 00:00:00+00:00, run_after=2025-10-05 00:00:00+00:00
[2025-10-05T20:13:39.701+0000] {processor.py:183} INFO - Processing /opt/airflow/dags/airflow.py took 1.741 seconds
[2025-10-05T20:14:09.959+0000] {processor.py:161} INFO - Started process (PID=226) to work on /opt/airflow/dags/airflow.py
[2025-10-05T20:14:09.960+0000] {processor.py:830} INFO - Processing file /opt/airflow/dags/airflow.py for tasks to queue
[2025-10-05T20:14:09.963+0000] {logging_mixin.py:188} INFO - [2025-10-05T20:14:09.963+0000] {dagbag.py:545} INFO - Filling up the DagBag from /opt/airflow/dags/airflow.py
[2025-10-05T20:14:11.578+0000] {processor.py:840} INFO - DAG(s) 'Airflow_Lab1' retrieved from /opt/airflow/dags/airflow.py
[2025-10-05T20:14:11.617+0000] {logging_mixin.py:188} INFO - [2025-10-05T20:14:11.616+0000] {dag.py:3096} INFO - Sync 1 DAGs
[2025-10-05T20:14:11.646+0000] {logging_mixin.py:188} INFO - [2025-10-05T20:14:11.645+0000] {dag.py:3954} INFO - Setting next_dagrun for Airflow_Lab1 to 2025-10-04 00:00:00+00:00, run_after=2025-10-05 00:00:00+00:00
[2025-10-05T20:14:11.673+0000] {processor.py:183} INFO - Processing /opt/airflow/dags/airflow.py took 1.721 seconds
[2025-10-05T20:14:41.894+0000] {processor.py:161} INFO - Started process (PID=249) to work on /opt/airflow/dags/airflow.py
[2025-10-05T20:14:41.897+0000] {processor.py:830} INFO - Processing file /opt/airflow/dags/airflow.py for tasks to queue
[2025-10-05T20:14:41.900+0000] {logging_mixin.py:188} INFO - [2025-10-05T20:14:41.899+0000] {dagbag.py:545} INFO - Filling up the DagBag from /opt/airflow/dags/airflow.py
[2025-10-05T20:14:43.437+0000] {processor.py:840} INFO - DAG(s) 'Airflow_Lab1' retrieved from /opt/airflow/dags/airflow.py
[2025-10-05T20:14:43.473+0000] {logging_mixin.py:188} INFO - [2025-10-05T20:14:43.472+0000] {dag.py:3096} INFO - Sync 1 DAGs
[2025-10-05T20:14:43.505+0000] {logging_mixin.py:188} INFO - [2025-10-05T20:14:43.504+0000] {dag.py:3954} INFO - Setting next_dagrun for Airflow_Lab1 to 2025-10-04 00:00:00+00:00, run_after=2025-10-05 00:00:00+00:00
[2025-10-05T20:14:43.536+0000] {processor.py:183} INFO - Processing /opt/airflow/dags/airflow.py took 1.650 seconds
[2025-10-05T20:15:13.826+0000] {processor.py:161} INFO - Started process (PID=272) to work on /opt/airflow/dags/airflow.py
[2025-10-05T20:15:13.827+0000] {processor.py:830} INFO - Processing file /opt/airflow/dags/airflow.py for tasks to queue
[2025-10-05T20:15:13.831+0000] {logging_mixin.py:188} INFO - [2025-10-05T20:15:13.831+0000] {dagbag.py:545} INFO - Filling up the DagBag from /opt/airflow/dags/airflow.py
[2025-10-05T20:15:15.199+0000] {processor.py:840} INFO - DAG(s) 'Airflow_Lab1' retrieved from /opt/airflow/dags/airflow.py
[2025-10-05T20:15:15.235+0000] {logging_mixin.py:188} INFO - [2025-10-05T20:15:15.235+0000] {dag.py:3096} INFO - Sync 1 DAGs
[2025-10-05T20:15:15.260+0000] {logging_mixin.py:188} INFO - [2025-10-05T20:15:15.259+0000] {dag.py:3954} INFO - Setting next_dagrun for Airflow_Lab1 to 2025-10-04 00:00:00+00:00, run_after=2025-10-05 00:00:00+00:00
[2025-10-05T20:15:15.286+0000] {processor.py:183} INFO - Processing /opt/airflow/dags/airflow.py took 1.466 seconds
[2025-10-05T20:15:45.499+0000] {processor.py:161} INFO - Started process (PID=295) to work on /opt/airflow/dags/airflow.py
[2025-10-05T20:15:45.501+0000] {processor.py:830} INFO - Processing file /opt/airflow/dags/airflow.py for tasks to queue
[2025-10-05T20:15:45.511+0000] {logging_mixin.py:188} INFO - [2025-10-05T20:15:45.510+0000] {dagbag.py:545} INFO - Filling up the DagBag from /opt/airflow/dags/airflow.py
[2025-10-05T20:15:47.077+0000] {processor.py:840} INFO - DAG(s) 'Airflow_Lab1' retrieved from /opt/airflow/dags/airflow.py
[2025-10-05T20:15:47.113+0000] {logging_mixin.py:188} INFO - [2025-10-05T20:15:47.112+0000] {dag.py:3096} INFO - Sync 1 DAGs
[2025-10-05T20:15:47.138+0000] {logging_mixin.py:188} INFO - [2025-10-05T20:15:47.138+0000] {dag.py:3954} INFO - Setting next_dagrun for Airflow_Lab1 to 2025-10-04 00:00:00+00:00, run_after=2025-10-05 00:00:00+00:00
[2025-10-05T20:15:47.167+0000] {processor.py:183} INFO - Processing /opt/airflow/dags/airflow.py took 1.676 seconds
[2025-10-05T20:16:17.455+0000] {processor.py:161} INFO - Started process (PID=324) to work on /opt/airflow/dags/airflow.py
[2025-10-05T20:16:17.456+0000] {processor.py:830} INFO - Processing file /opt/airflow/dags/airflow.py for tasks to queue
[2025-10-05T20:16:17.460+0000] {logging_mixin.py:188} INFO - [2025-10-05T20:16:17.459+0000] {dagbag.py:545} INFO - Filling up the DagBag from /opt/airflow/dags/airflow.py
[2025-10-05T20:16:19.186+0000] {processor.py:840} INFO - DAG(s) 'Airflow_Lab1' retrieved from /opt/airflow/dags/airflow.py
[2025-10-05T20:16:19.226+0000] {logging_mixin.py:188} INFO - [2025-10-05T20:16:19.225+0000] {dag.py:3096} INFO - Sync 1 DAGs
[2025-10-05T20:16:19.254+0000] {logging_mixin.py:188} INFO - [2025-10-05T20:16:19.254+0000] {dag.py:3954} INFO - Setting next_dagrun for Airflow_Lab1 to 2025-10-04 00:00:00+00:00, run_after=2025-10-05 00:00:00+00:00
[2025-10-05T20:16:19.288+0000] {processor.py:183} INFO - Processing /opt/airflow/dags/airflow.py took 1.840 seconds
[2025-10-05T20:16:49.594+0000] {processor.py:161} INFO - Started process (PID=347) to work on /opt/airflow/dags/airflow.py
[2025-10-05T20:16:49.596+0000] {processor.py:830} INFO - Processing file /opt/airflow/dags/airflow.py for tasks to queue
[2025-10-05T20:16:49.599+0000] {logging_mixin.py:188} INFO - [2025-10-05T20:16:49.599+0000] {dagbag.py:545} INFO - Filling up the DagBag from /opt/airflow/dags/airflow.py
[2025-10-05T20:16:51.404+0000] {processor.py:840} INFO - DAG(s) 'Airflow_Lab1' retrieved from /opt/airflow/dags/airflow.py
[2025-10-05T20:16:51.439+0000] {logging_mixin.py:188} INFO - [2025-10-05T20:16:51.438+0000] {dag.py:3096} INFO - Sync 1 DAGs
[2025-10-05T20:16:51.466+0000] {logging_mixin.py:188} INFO - [2025-10-05T20:16:51.466+0000] {dag.py:3954} INFO - Setting next_dagrun for Airflow_Lab1 to 2025-10-05 00:00:00+00:00, run_after=2025-10-06 00:00:00+00:00
[2025-10-05T20:16:51.497+0000] {processor.py:183} INFO - Processing /opt/airflow/dags/airflow.py took 1.925 seconds
[2025-10-05T20:17:21.828+0000] {processor.py:161} INFO - Started process (PID=370) to work on /opt/airflow/dags/airflow.py
[2025-10-05T20:17:21.830+0000] {processor.py:830} INFO - Processing file /opt/airflow/dags/airflow.py for tasks to queue
[2025-10-05T20:17:21.834+0000] {logging_mixin.py:188} INFO - [2025-10-05T20:17:21.834+0000] {dagbag.py:545} INFO - Filling up the DagBag from /opt/airflow/dags/airflow.py
[2025-10-05T20:17:23.383+0000] {processor.py:840} INFO - DAG(s) 'Airflow_Lab1' retrieved from /opt/airflow/dags/airflow.py
[2025-10-05T20:17:23.428+0000] {logging_mixin.py:188} INFO - [2025-10-05T20:17:23.428+0000] {dag.py:3096} INFO - Sync 1 DAGs
[2025-10-05T20:17:23.479+0000] {logging_mixin.py:188} INFO - [2025-10-05T20:17:23.479+0000] {dag.py:3954} INFO - Setting next_dagrun for Airflow_Lab1 to 2025-10-05 00:00:00+00:00, run_after=2025-10-06 00:00:00+00:00
[2025-10-05T20:17:23.502+0000] {processor.py:183} INFO - Processing /opt/airflow/dags/airflow.py took 1.683 seconds
[2025-10-05T20:17:53.776+0000] {processor.py:161} INFO - Started process (PID=393) to work on /opt/airflow/dags/airflow.py
[2025-10-05T20:17:53.778+0000] {processor.py:830} INFO - Processing file /opt/airflow/dags/airflow.py for tasks to queue
[2025-10-05T20:17:53.784+0000] {logging_mixin.py:188} INFO - [2025-10-05T20:17:53.782+0000] {dagbag.py:545} INFO - Filling up the DagBag from /opt/airflow/dags/airflow.py
[2025-10-05T20:17:55.469+0000] {processor.py:840} INFO - DAG(s) 'Airflow_Lab1' retrieved from /opt/airflow/dags/airflow.py
[2025-10-05T20:17:55.506+0000] {logging_mixin.py:188} INFO - [2025-10-05T20:17:55.505+0000] {dag.py:3096} INFO - Sync 1 DAGs
[2025-10-05T20:17:55.537+0000] {logging_mixin.py:188} INFO - [2025-10-05T20:17:55.537+0000] {dag.py:3954} INFO - Setting next_dagrun for Airflow_Lab1 to 2025-10-05 00:00:00+00:00, run_after=2025-10-06 00:00:00+00:00
[2025-10-05T20:17:55.566+0000] {processor.py:183} INFO - Processing /opt/airflow/dags/airflow.py took 1.801 seconds
[2025-10-05T20:18:25.659+0000] {processor.py:161} INFO - Started process (PID=416) to work on /opt/airflow/dags/airflow.py
[2025-10-05T20:18:25.660+0000] {processor.py:830} INFO - Processing file /opt/airflow/dags/airflow.py for tasks to queue
[2025-10-05T20:18:25.663+0000] {logging_mixin.py:188} INFO - [2025-10-05T20:18:25.662+0000] {dagbag.py:545} INFO - Filling up the DagBag from /opt/airflow/dags/airflow.py
[2025-10-05T20:18:27.036+0000] {processor.py:840} INFO - DAG(s) 'Airflow_Lab1' retrieved from /opt/airflow/dags/airflow.py
[2025-10-05T20:18:27.066+0000] {logging_mixin.py:188} INFO - [2025-10-05T20:18:27.066+0000] {dag.py:3096} INFO - Sync 1 DAGs
[2025-10-05T20:18:27.088+0000] {logging_mixin.py:188} INFO - [2025-10-05T20:18:27.087+0000] {dag.py:3954} INFO - Setting next_dagrun for Airflow_Lab1 to 2025-10-05 00:00:00+00:00, run_after=2025-10-06 00:00:00+00:00
[2025-10-05T20:18:27.107+0000] {processor.py:183} INFO - Processing /opt/airflow/dags/airflow.py took 1.456 seconds
[2025-10-05T20:18:57.419+0000] {processor.py:161} INFO - Started process (PID=439) to work on /opt/airflow/dags/airflow.py
[2025-10-05T20:18:57.421+0000] {processor.py:830} INFO - Processing file /opt/airflow/dags/airflow.py for tasks to queue
[2025-10-05T20:18:57.424+0000] {logging_mixin.py:188} INFO - [2025-10-05T20:18:57.424+0000] {dagbag.py:545} INFO - Filling up the DagBag from /opt/airflow/dags/airflow.py
[2025-10-05T20:18:59.186+0000] {processor.py:840} INFO - DAG(s) 'Airflow_Lab1' retrieved from /opt/airflow/dags/airflow.py
[2025-10-05T20:18:59.220+0000] {logging_mixin.py:188} INFO - [2025-10-05T20:18:59.219+0000] {dag.py:3096} INFO - Sync 1 DAGs
[2025-10-05T20:18:59.244+0000] {logging_mixin.py:188} INFO - [2025-10-05T20:18:59.244+0000] {dag.py:3954} INFO - Setting next_dagrun for Airflow_Lab1 to 2025-10-05 00:00:00+00:00, run_after=2025-10-06 00:00:00+00:00
[2025-10-05T20:18:59.268+0000] {processor.py:183} INFO - Processing /opt/airflow/dags/airflow.py took 1.858 seconds
[2025-10-05T20:19:29.549+0000] {processor.py:161} INFO - Started process (PID=462) to work on /opt/airflow/dags/airflow.py
[2025-10-05T20:19:29.551+0000] {processor.py:830} INFO - Processing file /opt/airflow/dags/airflow.py for tasks to queue
[2025-10-05T20:19:29.553+0000] {logging_mixin.py:188} INFO - [2025-10-05T20:19:29.553+0000] {dagbag.py:545} INFO - Filling up the DagBag from /opt/airflow/dags/airflow.py
[2025-10-05T20:19:31.262+0000] {processor.py:840} INFO - DAG(s) 'Airflow_Lab1' retrieved from /opt/airflow/dags/airflow.py
[2025-10-05T20:19:31.300+0000] {logging_mixin.py:188} INFO - [2025-10-05T20:19:31.300+0000] {dag.py:3096} INFO - Sync 1 DAGs
[2025-10-05T20:19:31.326+0000] {logging_mixin.py:188} INFO - [2025-10-05T20:19:31.325+0000] {dag.py:3954} INFO - Setting next_dagrun for Airflow_Lab1 to 2025-10-05 00:00:00+00:00, run_after=2025-10-06 00:00:00+00:00
[2025-10-05T20:19:31.354+0000] {processor.py:183} INFO - Processing /opt/airflow/dags/airflow.py took 1.811 seconds
[2025-10-05T20:20:01.600+0000] {processor.py:161} INFO - Started process (PID=485) to work on /opt/airflow/dags/airflow.py
[2025-10-05T20:20:01.601+0000] {processor.py:830} INFO - Processing file /opt/airflow/dags/airflow.py for tasks to queue
[2025-10-05T20:20:01.605+0000] {logging_mixin.py:188} INFO - [2025-10-05T20:20:01.604+0000] {dagbag.py:545} INFO - Filling up the DagBag from /opt/airflow/dags/airflow.py
[2025-10-05T20:20:03.317+0000] {processor.py:840} INFO - DAG(s) 'Airflow_Lab1' retrieved from /opt/airflow/dags/airflow.py
[2025-10-05T20:20:03.348+0000] {logging_mixin.py:188} INFO - [2025-10-05T20:20:03.348+0000] {dag.py:3096} INFO - Sync 1 DAGs
[2025-10-05T20:20:03.372+0000] {logging_mixin.py:188} INFO - [2025-10-05T20:20:03.371+0000] {dag.py:3954} INFO - Setting next_dagrun for Airflow_Lab1 to 2025-10-05 00:00:00+00:00, run_after=2025-10-06 00:00:00+00:00
[2025-10-05T20:20:03.410+0000] {processor.py:183} INFO - Processing /opt/airflow/dags/airflow.py took 1.820 seconds
[2025-10-05T20:20:33.870+0000] {processor.py:161} INFO - Started process (PID=508) to work on /opt/airflow/dags/airflow.py
[2025-10-05T20:20:33.873+0000] {processor.py:830} INFO - Processing file /opt/airflow/dags/airflow.py for tasks to queue
[2025-10-05T20:20:33.876+0000] {logging_mixin.py:188} INFO - [2025-10-05T20:20:33.876+0000] {dagbag.py:545} INFO - Filling up the DagBag from /opt/airflow/dags/airflow.py
[2025-10-05T20:20:35.600+0000] {processor.py:840} INFO - DAG(s) 'Airflow_Lab1' retrieved from /opt/airflow/dags/airflow.py
[2025-10-05T20:20:35.637+0000] {logging_mixin.py:188} INFO - [2025-10-05T20:20:35.636+0000] {dag.py:3096} INFO - Sync 1 DAGs
[2025-10-05T20:20:35.669+0000] {logging_mixin.py:188} INFO - [2025-10-05T20:20:35.668+0000] {dag.py:3954} INFO - Setting next_dagrun for Airflow_Lab1 to 2025-10-05 00:00:00+00:00, run_after=2025-10-06 00:00:00+00:00
[2025-10-05T20:20:35.698+0000] {processor.py:183} INFO - Processing /opt/airflow/dags/airflow.py took 1.857 seconds
[2025-10-05T20:21:06.029+0000] {processor.py:161} INFO - Started process (PID=531) to work on /opt/airflow/dags/airflow.py
[2025-10-05T20:21:06.031+0000] {processor.py:830} INFO - Processing file /opt/airflow/dags/airflow.py for tasks to queue
[2025-10-05T20:21:06.034+0000] {logging_mixin.py:188} INFO - [2025-10-05T20:21:06.034+0000] {dagbag.py:545} INFO - Filling up the DagBag from /opt/airflow/dags/airflow.py
[2025-10-05T20:21:07.546+0000] {processor.py:840} INFO - DAG(s) 'Airflow_Lab1' retrieved from /opt/airflow/dags/airflow.py
[2025-10-05T20:21:07.581+0000] {logging_mixin.py:188} INFO - [2025-10-05T20:21:07.580+0000] {dag.py:3096} INFO - Sync 1 DAGs
[2025-10-05T20:21:07.604+0000] {logging_mixin.py:188} INFO - [2025-10-05T20:21:07.603+0000] {dag.py:3954} INFO - Setting next_dagrun for Airflow_Lab1 to 2025-10-05 00:00:00+00:00, run_after=2025-10-06 00:00:00+00:00
[2025-10-05T20:21:07.634+0000] {processor.py:183} INFO - Processing /opt/airflow/dags/airflow.py took 1.614 seconds
[2025-10-05T20:21:37.936+0000] {processor.py:161} INFO - Started process (PID=554) to work on /opt/airflow/dags/airflow.py
[2025-10-05T20:21:37.937+0000] {processor.py:830} INFO - Processing file /opt/airflow/dags/airflow.py for tasks to queue
[2025-10-05T20:21:37.940+0000] {logging_mixin.py:188} INFO - [2025-10-05T20:21:37.939+0000] {dagbag.py:545} INFO - Filling up the DagBag from /opt/airflow/dags/airflow.py
[2025-10-05T20:21:39.586+0000] {processor.py:840} INFO - DAG(s) 'Airflow_Lab1' retrieved from /opt/airflow/dags/airflow.py
[2025-10-05T20:21:39.621+0000] {logging_mixin.py:188} INFO - [2025-10-05T20:21:39.620+0000] {dag.py:3096} INFO - Sync 1 DAGs
[2025-10-05T20:21:39.646+0000] {logging_mixin.py:188} INFO - [2025-10-05T20:21:39.646+0000] {dag.py:3954} INFO - Setting next_dagrun for Airflow_Lab1 to 2025-10-05 00:00:00+00:00, run_after=2025-10-06 00:00:00+00:00
[2025-10-05T20:21:39.677+0000] {processor.py:183} INFO - Processing /opt/airflow/dags/airflow.py took 1.749 seconds
[2025-10-05T20:22:09.954+0000] {processor.py:161} INFO - Started process (PID=577) to work on /opt/airflow/dags/airflow.py
[2025-10-05T20:22:09.956+0000] {processor.py:830} INFO - Processing file /opt/airflow/dags/airflow.py for tasks to queue
[2025-10-05T20:22:09.959+0000] {logging_mixin.py:188} INFO - [2025-10-05T20:22:09.959+0000] {dagbag.py:545} INFO - Filling up the DagBag from /opt/airflow/dags/airflow.py
[2025-10-05T20:22:11.462+0000] {processor.py:840} INFO - DAG(s) 'Airflow_Lab1' retrieved from /opt/airflow/dags/airflow.py
[2025-10-05T20:22:11.488+0000] {logging_mixin.py:188} INFO - [2025-10-05T20:22:11.486+0000] {dag.py:3096} INFO - Sync 1 DAGs
[2025-10-05T20:22:11.507+0000] {logging_mixin.py:188} INFO - [2025-10-05T20:22:11.507+0000] {dag.py:3954} INFO - Setting next_dagrun for Airflow_Lab1 to 2025-10-05 00:00:00+00:00, run_after=2025-10-06 00:00:00+00:00
[2025-10-05T20:22:11.524+0000] {processor.py:183} INFO - Processing /opt/airflow/dags/airflow.py took 1.580 seconds
[2025-10-05T20:39:36.921+0000] {processor.py:161} INFO - Started process (PID=96) to work on /opt/airflow/dags/airflow.py
[2025-10-05T20:39:36.922+0000] {processor.py:830} INFO - Processing file /opt/airflow/dags/airflow.py for tasks to queue
[2025-10-05T20:39:36.925+0000] {logging_mixin.py:188} INFO - [2025-10-05T20:39:36.925+0000] {dagbag.py:545} INFO - Filling up the DagBag from /opt/airflow/dags/airflow.py
[2025-10-05T20:39:40.211+0000] {logging_mixin.py:188} INFO - [2025-10-05T20:39:40.204+0000] {dagbag.py:355} ERROR - Failed to import: /opt/airflow/dags/airflow.py
Traceback (most recent call last):
  File "/home/airflow/.local/lib/python3.12/site-packages/airflow/models/dagbag.py", line 351, in parse
    loader.exec_module(new_module)
  File "<frozen importlib._bootstrap_external>", line 995, in exec_module
  File "<frozen importlib._bootstrap>", line 488, in _call_with_frames_removed
  File "/opt/airflow/dags/airflow.py", line 7, in <module>
    from airflow.operators.bash import TriggerDagRunOperator
ImportError: cannot import name 'TriggerDagRunOperator' from 'airflow.operators.bash' (/home/airflow/.local/lib/python3.12/site-packages/airflow/operators/bash.py)
[2025-10-05T20:39:40.215+0000] {processor.py:842} WARNING - No viable dags retrieved from /opt/airflow/dags/airflow.py
[2025-10-05T20:39:40.249+0000] {processor.py:183} INFO - Processing /opt/airflow/dags/airflow.py took 3.339 seconds
[2025-10-05T20:40:10.425+0000] {processor.py:161} INFO - Started process (PID=121) to work on /opt/airflow/dags/airflow.py
[2025-10-05T20:40:10.426+0000] {processor.py:830} INFO - Processing file /opt/airflow/dags/airflow.py for tasks to queue
[2025-10-05T20:40:10.428+0000] {logging_mixin.py:188} INFO - [2025-10-05T20:40:10.427+0000] {dagbag.py:545} INFO - Filling up the DagBag from /opt/airflow/dags/airflow.py
[2025-10-05T20:40:11.965+0000] {logging_mixin.py:188} INFO - [2025-10-05T20:40:11.959+0000] {dagbag.py:355} ERROR - Failed to import: /opt/airflow/dags/airflow.py
Traceback (most recent call last):
  File "/home/airflow/.local/lib/python3.12/site-packages/airflow/models/dagbag.py", line 351, in parse
    loader.exec_module(new_module)
  File "<frozen importlib._bootstrap_external>", line 995, in exec_module
  File "<frozen importlib._bootstrap>", line 488, in _call_with_frames_removed
  File "/opt/airflow/dags/airflow.py", line 7, in <module>
    from airflow.operators.bash import TriggerDagRunOperator
ImportError: cannot import name 'TriggerDagRunOperator' from 'airflow.operators.bash' (/home/airflow/.local/lib/python3.12/site-packages/airflow/operators/bash.py)
[2025-10-05T20:40:11.968+0000] {processor.py:842} WARNING - No viable dags retrieved from /opt/airflow/dags/airflow.py
[2025-10-05T20:40:11.990+0000] {processor.py:183} INFO - Processing /opt/airflow/dags/airflow.py took 1.570 seconds
[2025-10-05T20:40:42.716+0000] {processor.py:161} INFO - Started process (PID=145) to work on /opt/airflow/dags/airflow.py
[2025-10-05T20:40:42.717+0000] {processor.py:830} INFO - Processing file /opt/airflow/dags/airflow.py for tasks to queue
[2025-10-05T20:40:42.718+0000] {logging_mixin.py:188} INFO - [2025-10-05T20:40:42.718+0000] {dagbag.py:545} INFO - Filling up the DagBag from /opt/airflow/dags/airflow.py
[2025-10-05T20:40:44.149+0000] {logging_mixin.py:188} INFO - [2025-10-05T20:40:44.142+0000] {dagbag.py:355} ERROR - Failed to import: /opt/airflow/dags/airflow.py
Traceback (most recent call last):
  File "/home/airflow/.local/lib/python3.12/site-packages/airflow/models/dagbag.py", line 351, in parse
    loader.exec_module(new_module)
  File "<frozen importlib._bootstrap_external>", line 995, in exec_module
  File "<frozen importlib._bootstrap>", line 488, in _call_with_frames_removed
  File "/opt/airflow/dags/airflow.py", line 7, in <module>
    from airflow.operators.bash import TriggerDagRunOperator
ImportError: cannot import name 'TriggerDagRunOperator' from 'airflow.operators.bash' (/home/airflow/.local/lib/python3.12/site-packages/airflow/operators/bash.py)
[2025-10-05T20:40:44.152+0000] {processor.py:842} WARNING - No viable dags retrieved from /opt/airflow/dags/airflow.py
[2025-10-05T20:40:44.184+0000] {processor.py:183} INFO - Processing /opt/airflow/dags/airflow.py took 1.475 seconds
[2025-10-05T20:41:14.382+0000] {processor.py:161} INFO - Started process (PID=170) to work on /opt/airflow/dags/airflow.py
[2025-10-05T20:41:14.383+0000] {processor.py:830} INFO - Processing file /opt/airflow/dags/airflow.py for tasks to queue
[2025-10-05T20:41:14.385+0000] {logging_mixin.py:188} INFO - [2025-10-05T20:41:14.384+0000] {dagbag.py:545} INFO - Filling up the DagBag from /opt/airflow/dags/airflow.py
[2025-10-05T20:41:15.901+0000] {logging_mixin.py:188} INFO - [2025-10-05T20:41:15.894+0000] {dagbag.py:355} ERROR - Failed to import: /opt/airflow/dags/airflow.py
Traceback (most recent call last):
  File "/home/airflow/.local/lib/python3.12/site-packages/airflow/models/dagbag.py", line 351, in parse
    loader.exec_module(new_module)
  File "<frozen importlib._bootstrap_external>", line 995, in exec_module
  File "<frozen importlib._bootstrap>", line 488, in _call_with_frames_removed
  File "/opt/airflow/dags/airflow.py", line 7, in <module>
    from airflow.operators.bash import TriggerDagRunOperator
ImportError: cannot import name 'TriggerDagRunOperator' from 'airflow.operators.bash' (/home/airflow/.local/lib/python3.12/site-packages/airflow/operators/bash.py)
[2025-10-05T20:41:15.905+0000] {processor.py:842} WARNING - No viable dags retrieved from /opt/airflow/dags/airflow.py
[2025-10-05T20:41:15.943+0000] {processor.py:183} INFO - Processing /opt/airflow/dags/airflow.py took 1.571 seconds
[2025-10-05T20:41:46.665+0000] {processor.py:161} INFO - Started process (PID=194) to work on /opt/airflow/dags/airflow.py
[2025-10-05T20:41:46.666+0000] {processor.py:830} INFO - Processing file /opt/airflow/dags/airflow.py for tasks to queue
[2025-10-05T20:41:46.668+0000] {logging_mixin.py:188} INFO - [2025-10-05T20:41:46.667+0000] {dagbag.py:545} INFO - Filling up the DagBag from /opt/airflow/dags/airflow.py
[2025-10-05T20:41:48.163+0000] {logging_mixin.py:188} INFO - [2025-10-05T20:41:48.156+0000] {dagbag.py:355} ERROR - Failed to import: /opt/airflow/dags/airflow.py
Traceback (most recent call last):
  File "/home/airflow/.local/lib/python3.12/site-packages/airflow/models/dagbag.py", line 351, in parse
    loader.exec_module(new_module)
  File "<frozen importlib._bootstrap_external>", line 995, in exec_module
  File "<frozen importlib._bootstrap>", line 488, in _call_with_frames_removed
  File "/opt/airflow/dags/airflow.py", line 7, in <module>
    from airflow.operators.bash import TriggerDagRunOperator
ImportError: cannot import name 'TriggerDagRunOperator' from 'airflow.operators.bash' (/home/airflow/.local/lib/python3.12/site-packages/airflow/operators/bash.py)
[2025-10-05T20:41:48.165+0000] {processor.py:842} WARNING - No viable dags retrieved from /opt/airflow/dags/airflow.py
[2025-10-05T20:41:48.183+0000] {processor.py:183} INFO - Processing /opt/airflow/dags/airflow.py took 1.529 seconds
[2025-10-05T20:42:18.265+0000] {processor.py:161} INFO - Started process (PID=218) to work on /opt/airflow/dags/airflow.py
[2025-10-05T20:42:18.267+0000] {processor.py:830} INFO - Processing file /opt/airflow/dags/airflow.py for tasks to queue
[2025-10-05T20:42:18.268+0000] {logging_mixin.py:188} INFO - [2025-10-05T20:42:18.268+0000] {dagbag.py:545} INFO - Filling up the DagBag from /opt/airflow/dags/airflow.py
[2025-10-05T20:42:19.858+0000] {logging_mixin.py:188} INFO - [2025-10-05T20:42:19.851+0000] {dagbag.py:355} ERROR - Failed to import: /opt/airflow/dags/airflow.py
Traceback (most recent call last):
  File "/home/airflow/.local/lib/python3.12/site-packages/airflow/models/dagbag.py", line 351, in parse
    loader.exec_module(new_module)
  File "<frozen importlib._bootstrap_external>", line 995, in exec_module
  File "<frozen importlib._bootstrap>", line 488, in _call_with_frames_removed
  File "/opt/airflow/dags/airflow.py", line 7, in <module>
    from airflow.operators.bash import TriggerDagRunOperator
ImportError: cannot import name 'TriggerDagRunOperator' from 'airflow.operators.bash' (/home/airflow/.local/lib/python3.12/site-packages/airflow/operators/bash.py)
[2025-10-05T20:42:19.861+0000] {processor.py:842} WARNING - No viable dags retrieved from /opt/airflow/dags/airflow.py
[2025-10-05T20:42:19.881+0000] {processor.py:183} INFO - Processing /opt/airflow/dags/airflow.py took 1.622 seconds
[2025-10-05T20:42:39.181+0000] {processor.py:161} INFO - Started process (PID=241) to work on /opt/airflow/dags/airflow.py
[2025-10-05T20:42:39.183+0000] {processor.py:830} INFO - Processing file /opt/airflow/dags/airflow.py for tasks to queue
[2025-10-05T20:42:39.185+0000] {logging_mixin.py:188} INFO - [2025-10-05T20:42:39.184+0000] {dagbag.py:545} INFO - Filling up the DagBag from /opt/airflow/dags/airflow.py
[2025-10-05T20:42:40.669+0000] {processor.py:840} INFO - DAG(s) 'Airflow_Lab1' retrieved from /opt/airflow/dags/airflow.py
[2025-10-05T20:42:40.816+0000] {logging_mixin.py:188} INFO - [2025-10-05T20:42:40.815+0000] {dag.py:3096} INFO - Sync 1 DAGs
[2025-10-05T20:42:40.841+0000] {logging_mixin.py:188} INFO - [2025-10-05T20:42:40.841+0000] {dag.py:3954} INFO - Setting next_dagrun for Airflow_Lab1 to 2025-10-05 00:00:00+00:00, run_after=2025-10-06 00:00:00+00:00
[2025-10-05T20:42:40.877+0000] {processor.py:183} INFO - Processing /opt/airflow/dags/airflow.py took 1.703 seconds
[2025-10-05T20:44:38.743+0000] {processor.py:161} INFO - Started process (PID=95) to work on /opt/airflow/dags/airflow.py
[2025-10-05T20:44:38.744+0000] {processor.py:830} INFO - Processing file /opt/airflow/dags/airflow.py for tasks to queue
[2025-10-05T20:44:38.747+0000] {logging_mixin.py:188} INFO - [2025-10-05T20:44:38.747+0000] {dagbag.py:545} INFO - Filling up the DagBag from /opt/airflow/dags/airflow.py
[2025-10-05T20:44:41.463+0000] {processor.py:840} INFO - DAG(s) 'Airflow_Lab1' retrieved from /opt/airflow/dags/airflow.py
[2025-10-05T20:44:41.603+0000] {logging_mixin.py:188} INFO - [2025-10-05T20:44:41.602+0000] {dag.py:3096} INFO - Sync 1 DAGs
[2025-10-05T20:44:41.625+0000] {logging_mixin.py:188} INFO - [2025-10-05T20:44:41.625+0000] {dag.py:3954} INFO - Setting next_dagrun for Airflow_Lab1 to 2025-10-05 00:00:00+00:00, run_after=2025-10-06 00:00:00+00:00
[2025-10-05T20:44:41.650+0000] {processor.py:183} INFO - Processing /opt/airflow/dags/airflow.py took 2.916 seconds
[2025-10-05T20:45:12.502+0000] {processor.py:161} INFO - Started process (PID=121) to work on /opt/airflow/dags/airflow.py
[2025-10-05T20:45:12.503+0000] {processor.py:830} INFO - Processing file /opt/airflow/dags/airflow.py for tasks to queue
[2025-10-05T20:45:12.505+0000] {logging_mixin.py:188} INFO - [2025-10-05T20:45:12.505+0000] {dagbag.py:545} INFO - Filling up the DagBag from /opt/airflow/dags/airflow.py
[2025-10-05T20:45:14.170+0000] {processor.py:840} INFO - DAG(s) 'Airflow_Lab1' retrieved from /opt/airflow/dags/airflow.py
[2025-10-05T20:45:14.199+0000] {logging_mixin.py:188} INFO - [2025-10-05T20:45:14.198+0000] {dag.py:3096} INFO - Sync 1 DAGs
[2025-10-05T20:45:14.230+0000] {logging_mixin.py:188} INFO - [2025-10-05T20:45:14.230+0000] {dag.py:3954} INFO - Setting next_dagrun for Airflow_Lab1 to 2025-10-05 00:00:00+00:00, run_after=2025-10-06 00:00:00+00:00
[2025-10-05T20:45:14.259+0000] {processor.py:183} INFO - Processing /opt/airflow/dags/airflow.py took 1.764 seconds
[2025-10-05T20:45:44.985+0000] {processor.py:161} INFO - Started process (PID=145) to work on /opt/airflow/dags/airflow.py
[2025-10-05T20:45:44.986+0000] {processor.py:830} INFO - Processing file /opt/airflow/dags/airflow.py for tasks to queue
[2025-10-05T20:45:44.987+0000] {logging_mixin.py:188} INFO - [2025-10-05T20:45:44.987+0000] {dagbag.py:545} INFO - Filling up the DagBag from /opt/airflow/dags/airflow.py
[2025-10-05T20:45:46.683+0000] {processor.py:840} INFO - DAG(s) 'Airflow_Lab1' retrieved from /opt/airflow/dags/airflow.py
[2025-10-05T20:45:46.708+0000] {logging_mixin.py:188} INFO - [2025-10-05T20:45:46.708+0000] {dag.py:3096} INFO - Sync 1 DAGs
[2025-10-05T20:45:46.731+0000] {logging_mixin.py:188} INFO - [2025-10-05T20:45:46.731+0000] {dag.py:3954} INFO - Setting next_dagrun for Airflow_Lab1 to 2025-10-05 00:00:00+00:00, run_after=2025-10-06 00:00:00+00:00
[2025-10-05T20:45:46.753+0000] {processor.py:183} INFO - Processing /opt/airflow/dags/airflow.py took 1.774 seconds
[2025-10-05T20:46:17.420+0000] {processor.py:161} INFO - Started process (PID=169) to work on /opt/airflow/dags/airflow.py
[2025-10-05T20:46:17.423+0000] {processor.py:830} INFO - Processing file /opt/airflow/dags/airflow.py for tasks to queue
[2025-10-05T20:46:17.427+0000] {logging_mixin.py:188} INFO - [2025-10-05T20:46:17.426+0000] {dagbag.py:545} INFO - Filling up the DagBag from /opt/airflow/dags/airflow.py
[2025-10-05T20:46:19.073+0000] {processor.py:840} INFO - DAG(s) 'Airflow_Lab1' retrieved from /opt/airflow/dags/airflow.py
[2025-10-05T20:46:19.097+0000] {logging_mixin.py:188} INFO - [2025-10-05T20:46:19.097+0000] {dag.py:3096} INFO - Sync 1 DAGs
[2025-10-05T20:46:19.123+0000] {logging_mixin.py:188} INFO - [2025-10-05T20:46:19.123+0000] {dag.py:3954} INFO - Setting next_dagrun for Airflow_Lab1 to 2025-10-05 00:00:00+00:00, run_after=2025-10-06 00:00:00+00:00
[2025-10-05T20:46:19.147+0000] {processor.py:183} INFO - Processing /opt/airflow/dags/airflow.py took 1.738 seconds
[2025-10-05T20:46:49.848+0000] {processor.py:161} INFO - Started process (PID=199) to work on /opt/airflow/dags/airflow.py
[2025-10-05T20:46:49.849+0000] {processor.py:830} INFO - Processing file /opt/airflow/dags/airflow.py for tasks to queue
[2025-10-05T20:46:49.852+0000] {logging_mixin.py:188} INFO - [2025-10-05T20:46:49.851+0000] {dagbag.py:545} INFO - Filling up the DagBag from /opt/airflow/dags/airflow.py
