[2025-10-05T20:39:36.933+0000] {processor.py:161} INFO - Started process (PID=97) to work on /opt/airflow/dags/bash_dag.py
[2025-10-05T20:39:36.935+0000] {processor.py:830} INFO - Processing file /opt/airflow/dags/bash_dag.py for tasks to queue
[2025-10-05T20:39:36.938+0000] {logging_mixin.py:188} INFO - [2025-10-05T20:39:36.938+0000] {dagbag.py:545} INFO - Filling up the DagBag from /opt/airflow/dags/bash_dag.py
[2025-10-05T20:39:37.000+0000] {processor.py:840} INFO - DAG(s) 'bash_operator_dag' retrieved from /opt/airflow/dags/bash_dag.py
[2025-10-05T20:39:37.419+0000] {logging_mixin.py:188} INFO - [2025-10-05T20:39:37.419+0000] {override.py:1829} INFO - Created Permission View: can delete on DAG:bash_operator_dag
[2025-10-05T20:39:37.436+0000] {logging_mixin.py:188} INFO - [2025-10-05T20:39:37.435+0000] {override.py:1829} INFO - Created Permission View: can edit on DAG:bash_operator_dag
[2025-10-05T20:39:37.446+0000] {logging_mixin.py:188} INFO - [2025-10-05T20:39:37.446+0000] {override.py:1829} INFO - Created Permission View: can read on DAG:bash_operator_dag
[2025-10-05T20:39:37.447+0000] {logging_mixin.py:188} INFO - [2025-10-05T20:39:37.447+0000] {dag.py:3096} INFO - Sync 1 DAGs
[2025-10-05T20:39:37.491+0000] {logging_mixin.py:188} INFO - [2025-10-05T20:39:37.490+0000] {dag.py:3118} INFO - Creating ORM DAG for bash_operator_dag
[2025-10-05T20:39:37.509+0000] {logging_mixin.py:188} INFO - [2025-10-05T20:39:37.509+0000] {dag.py:3954} INFO - Setting next_dagrun for bash_operator_dag to None, run_after=None
[2025-10-05T20:39:37.560+0000] {processor.py:183} INFO - Processing /opt/airflow/dags/bash_dag.py took 0.636 seconds
[2025-10-05T20:40:08.254+0000] {processor.py:161} INFO - Started process (PID=120) to work on /opt/airflow/dags/bash_dag.py
[2025-10-05T20:40:08.255+0000] {processor.py:830} INFO - Processing file /opt/airflow/dags/bash_dag.py for tasks to queue
[2025-10-05T20:40:08.257+0000] {logging_mixin.py:188} INFO - [2025-10-05T20:40:08.257+0000] {dagbag.py:545} INFO - Filling up the DagBag from /opt/airflow/dags/bash_dag.py
[2025-10-05T20:40:08.284+0000] {processor.py:840} INFO - DAG(s) 'bash_operator_dag' retrieved from /opt/airflow/dags/bash_dag.py
[2025-10-05T20:40:08.313+0000] {logging_mixin.py:188} INFO - [2025-10-05T20:40:08.313+0000] {dag.py:3096} INFO - Sync 1 DAGs
[2025-10-05T20:40:08.326+0000] {logging_mixin.py:188} INFO - [2025-10-05T20:40:08.326+0000] {dag.py:3954} INFO - Setting next_dagrun for bash_operator_dag to None, run_after=None
[2025-10-05T20:40:08.357+0000] {processor.py:183} INFO - Processing /opt/airflow/dags/bash_dag.py took 0.110 seconds
[2025-10-05T20:40:38.673+0000] {processor.py:161} INFO - Started process (PID=144) to work on /opt/airflow/dags/bash_dag.py
[2025-10-05T20:40:38.675+0000] {processor.py:830} INFO - Processing file /opt/airflow/dags/bash_dag.py for tasks to queue
[2025-10-05T20:40:38.677+0000] {logging_mixin.py:188} INFO - [2025-10-05T20:40:38.676+0000] {dagbag.py:545} INFO - Filling up the DagBag from /opt/airflow/dags/bash_dag.py
[2025-10-05T20:40:38.714+0000] {processor.py:840} INFO - DAG(s) 'bash_operator_dag' retrieved from /opt/airflow/dags/bash_dag.py
[2025-10-05T20:40:38.779+0000] {logging_mixin.py:188} INFO - [2025-10-05T20:40:38.778+0000] {dag.py:3096} INFO - Sync 1 DAGs
[2025-10-05T20:40:38.807+0000] {logging_mixin.py:188} INFO - [2025-10-05T20:40:38.806+0000] {dag.py:3954} INFO - Setting next_dagrun for bash_operator_dag to None, run_after=None
[2025-10-05T20:40:38.835+0000] {processor.py:183} INFO - Processing /opt/airflow/dags/bash_dag.py took 0.172 seconds
[2025-10-05T20:41:09.142+0000] {processor.py:161} INFO - Started process (PID=169) to work on /opt/airflow/dags/bash_dag.py
[2025-10-05T20:41:09.143+0000] {processor.py:830} INFO - Processing file /opt/airflow/dags/bash_dag.py for tasks to queue
[2025-10-05T20:41:09.144+0000] {logging_mixin.py:188} INFO - [2025-10-05T20:41:09.144+0000] {dagbag.py:545} INFO - Filling up the DagBag from /opt/airflow/dags/bash_dag.py
[2025-10-05T20:41:09.176+0000] {processor.py:840} INFO - DAG(s) 'bash_operator_dag' retrieved from /opt/airflow/dags/bash_dag.py
[2025-10-05T20:41:09.214+0000] {logging_mixin.py:188} INFO - [2025-10-05T20:41:09.214+0000] {dag.py:3096} INFO - Sync 1 DAGs
[2025-10-05T20:41:09.234+0000] {logging_mixin.py:188} INFO - [2025-10-05T20:41:09.233+0000] {dag.py:3954} INFO - Setting next_dagrun for bash_operator_dag to None, run_after=None
[2025-10-05T20:41:09.271+0000] {processor.py:183} INFO - Processing /opt/airflow/dags/bash_dag.py took 0.136 seconds
[2025-10-05T20:41:39.584+0000] {processor.py:161} INFO - Started process (PID=193) to work on /opt/airflow/dags/bash_dag.py
[2025-10-05T20:41:39.585+0000] {processor.py:830} INFO - Processing file /opt/airflow/dags/bash_dag.py for tasks to queue
[2025-10-05T20:41:39.586+0000] {logging_mixin.py:188} INFO - [2025-10-05T20:41:39.586+0000] {dagbag.py:545} INFO - Filling up the DagBag from /opt/airflow/dags/bash_dag.py
[2025-10-05T20:41:39.613+0000] {processor.py:840} INFO - DAG(s) 'bash_operator_dag' retrieved from /opt/airflow/dags/bash_dag.py
[2025-10-05T20:41:39.657+0000] {logging_mixin.py:188} INFO - [2025-10-05T20:41:39.656+0000] {dag.py:3096} INFO - Sync 1 DAGs
[2025-10-05T20:41:39.673+0000] {logging_mixin.py:188} INFO - [2025-10-05T20:41:39.673+0000] {dag.py:3954} INFO - Setting next_dagrun for bash_operator_dag to None, run_after=None
[2025-10-05T20:41:39.695+0000] {processor.py:183} INFO - Processing /opt/airflow/dags/bash_dag.py took 0.119 seconds
[2025-10-05T20:42:09.999+0000] {processor.py:161} INFO - Started process (PID=217) to work on /opt/airflow/dags/bash_dag.py
[2025-10-05T20:42:10.001+0000] {processor.py:830} INFO - Processing file /opt/airflow/dags/bash_dag.py for tasks to queue
[2025-10-05T20:42:10.002+0000] {logging_mixin.py:188} INFO - [2025-10-05T20:42:10.002+0000] {dagbag.py:545} INFO - Filling up the DagBag from /opt/airflow/dags/bash_dag.py
[2025-10-05T20:42:10.030+0000] {processor.py:840} INFO - DAG(s) 'bash_operator_dag' retrieved from /opt/airflow/dags/bash_dag.py
[2025-10-05T20:42:10.067+0000] {logging_mixin.py:188} INFO - [2025-10-05T20:42:10.067+0000] {dag.py:3096} INFO - Sync 1 DAGs
[2025-10-05T20:42:10.079+0000] {logging_mixin.py:188} INFO - [2025-10-05T20:42:10.079+0000] {dag.py:3954} INFO - Setting next_dagrun for bash_operator_dag to None, run_after=None
[2025-10-05T20:42:10.112+0000] {processor.py:183} INFO - Processing /opt/airflow/dags/bash_dag.py took 0.120 seconds
[2025-10-05T20:42:40.202+0000] {processor.py:161} INFO - Started process (PID=258) to work on /opt/airflow/dags/bash_dag.py
[2025-10-05T20:42:40.203+0000] {processor.py:830} INFO - Processing file /opt/airflow/dags/bash_dag.py for tasks to queue
[2025-10-05T20:42:40.205+0000] {logging_mixin.py:188} INFO - [2025-10-05T20:42:40.204+0000] {dagbag.py:545} INFO - Filling up the DagBag from /opt/airflow/dags/bash_dag.py
[2025-10-05T20:42:40.237+0000] {processor.py:840} INFO - DAG(s) 'bash_operator_dag' retrieved from /opt/airflow/dags/bash_dag.py
[2025-10-05T20:42:40.269+0000] {logging_mixin.py:188} INFO - [2025-10-05T20:42:40.269+0000] {dag.py:3096} INFO - Sync 1 DAGs
[2025-10-05T20:42:40.287+0000] {logging_mixin.py:188} INFO - [2025-10-05T20:42:40.287+0000] {dag.py:3954} INFO - Setting next_dagrun for bash_operator_dag to None, run_after=None
[2025-10-05T20:42:40.315+0000] {processor.py:183} INFO - Processing /opt/airflow/dags/bash_dag.py took 0.123 seconds
[2025-10-05T20:44:38.757+0000] {processor.py:161} INFO - Started process (PID=96) to work on /opt/airflow/dags/bash_dag.py
[2025-10-05T20:44:38.759+0000] {processor.py:830} INFO - Processing file /opt/airflow/dags/bash_dag.py for tasks to queue
[2025-10-05T20:44:38.763+0000] {logging_mixin.py:188} INFO - [2025-10-05T20:44:38.762+0000] {dagbag.py:545} INFO - Filling up the DagBag from /opt/airflow/dags/bash_dag.py
[2025-10-05T20:44:38.806+0000] {processor.py:840} INFO - DAG(s) 'bash_operator_dag' retrieved from /opt/airflow/dags/bash_dag.py
[2025-10-05T20:44:39.100+0000] {logging_mixin.py:188} INFO - [2025-10-05T20:44:39.099+0000] {dag.py:3096} INFO - Sync 1 DAGs
[2025-10-05T20:44:39.114+0000] {logging_mixin.py:188} INFO - [2025-10-05T20:44:39.114+0000] {dag.py:3954} INFO - Setting next_dagrun for bash_operator_dag to None, run_after=None
[2025-10-05T20:44:39.151+0000] {processor.py:183} INFO - Processing /opt/airflow/dags/bash_dag.py took 0.401 seconds
[2025-10-05T20:45:09.450+0000] {processor.py:161} INFO - Started process (PID=120) to work on /opt/airflow/dags/bash_dag.py
[2025-10-05T20:45:09.452+0000] {processor.py:830} INFO - Processing file /opt/airflow/dags/bash_dag.py for tasks to queue
[2025-10-05T20:45:09.454+0000] {logging_mixin.py:188} INFO - [2025-10-05T20:45:09.454+0000] {dagbag.py:545} INFO - Filling up the DagBag from /opt/airflow/dags/bash_dag.py
[2025-10-05T20:45:09.489+0000] {processor.py:840} INFO - DAG(s) 'bash_operator_dag' retrieved from /opt/airflow/dags/bash_dag.py
[2025-10-05T20:45:09.527+0000] {logging_mixin.py:188} INFO - [2025-10-05T20:45:09.527+0000] {dag.py:3096} INFO - Sync 1 DAGs
[2025-10-05T20:45:09.547+0000] {logging_mixin.py:188} INFO - [2025-10-05T20:45:09.547+0000] {dag.py:3954} INFO - Setting next_dagrun for bash_operator_dag to None, run_after=None
[2025-10-05T20:45:09.591+0000] {processor.py:183} INFO - Processing /opt/airflow/dags/bash_dag.py took 0.150 seconds
[2025-10-05T20:45:39.902+0000] {processor.py:161} INFO - Started process (PID=144) to work on /opt/airflow/dags/bash_dag.py
[2025-10-05T20:45:39.903+0000] {processor.py:830} INFO - Processing file /opt/airflow/dags/bash_dag.py for tasks to queue
[2025-10-05T20:45:39.906+0000] {logging_mixin.py:188} INFO - [2025-10-05T20:45:39.905+0000] {dagbag.py:545} INFO - Filling up the DagBag from /opt/airflow/dags/bash_dag.py
[2025-10-05T20:45:39.935+0000] {processor.py:840} INFO - DAG(s) 'bash_operator_dag' retrieved from /opt/airflow/dags/bash_dag.py
[2025-10-05T20:45:39.967+0000] {logging_mixin.py:188} INFO - [2025-10-05T20:45:39.966+0000] {dag.py:3096} INFO - Sync 1 DAGs
[2025-10-05T20:45:39.986+0000] {logging_mixin.py:188} INFO - [2025-10-05T20:45:39.986+0000] {dag.py:3954} INFO - Setting next_dagrun for bash_operator_dag to None, run_after=None
[2025-10-05T20:45:40.018+0000] {processor.py:183} INFO - Processing /opt/airflow/dags/bash_dag.py took 0.122 seconds
[2025-10-05T20:46:10.327+0000] {processor.py:161} INFO - Started process (PID=168) to work on /opt/airflow/dags/bash_dag.py
[2025-10-05T20:46:10.329+0000] {processor.py:830} INFO - Processing file /opt/airflow/dags/bash_dag.py for tasks to queue
[2025-10-05T20:46:10.332+0000] {logging_mixin.py:188} INFO - [2025-10-05T20:46:10.332+0000] {dagbag.py:545} INFO - Filling up the DagBag from /opt/airflow/dags/bash_dag.py
[2025-10-05T20:46:10.366+0000] {processor.py:840} INFO - DAG(s) 'bash_operator_dag' retrieved from /opt/airflow/dags/bash_dag.py
[2025-10-05T20:46:10.402+0000] {logging_mixin.py:188} INFO - [2025-10-05T20:46:10.401+0000] {dag.py:3096} INFO - Sync 1 DAGs
[2025-10-05T20:46:10.423+0000] {logging_mixin.py:188} INFO - [2025-10-05T20:46:10.422+0000] {dag.py:3954} INFO - Setting next_dagrun for bash_operator_dag to None, run_after=None
[2025-10-05T20:46:10.450+0000] {processor.py:183} INFO - Processing /opt/airflow/dags/bash_dag.py took 0.133 seconds
[2025-10-05T20:46:40.741+0000] {processor.py:161} INFO - Started process (PID=192) to work on /opt/airflow/dags/bash_dag.py
[2025-10-05T20:46:40.742+0000] {processor.py:830} INFO - Processing file /opt/airflow/dags/bash_dag.py for tasks to queue
[2025-10-05T20:46:40.745+0000] {logging_mixin.py:188} INFO - [2025-10-05T20:46:40.745+0000] {dagbag.py:545} INFO - Filling up the DagBag from /opt/airflow/dags/bash_dag.py
[2025-10-05T20:46:40.772+0000] {processor.py:840} INFO - DAG(s) 'bash_operator_dag' retrieved from /opt/airflow/dags/bash_dag.py
[2025-10-05T20:46:40.800+0000] {logging_mixin.py:188} INFO - [2025-10-05T20:46:40.799+0000] {dag.py:3096} INFO - Sync 1 DAGs
[2025-10-05T20:46:40.816+0000] {logging_mixin.py:188} INFO - [2025-10-05T20:46:40.816+0000] {dag.py:3954} INFO - Setting next_dagrun for bash_operator_dag to None, run_after=None
[2025-10-05T20:46:40.854+0000] {processor.py:183} INFO - Processing /opt/airflow/dags/bash_dag.py took 0.119 seconds
