[2025-10-15T00:19:23.499+0000] {local_task_job_runner.py:120} INFO - ::group::Pre task execution logs
[2025-10-15T00:19:23.538+0000] {taskinstance.py:2076} INFO - Dependencies all met for dep_context=non-requeueable deps ti=<TaskInstance: Airflow_Lab1.build_save_model_task scheduled__2025-10-14T00:00:00+00:00 [queued]>
[2025-10-15T00:19:23.551+0000] {taskinstance.py:2076} INFO - Dependencies all met for dep_context=requeueable deps ti=<TaskInstance: Airflow_Lab1.build_save_model_task scheduled__2025-10-14T00:00:00+00:00 [queued]>
[2025-10-15T00:19:23.552+0000] {taskinstance.py:2306} INFO - Starting attempt 1 of 2
[2025-10-15T00:19:23.582+0000] {taskinstance.py:2330} INFO - Executing <Task(PythonOperator): build_save_model_task> on 2025-10-14 00:00:00+00:00
[2025-10-15T00:19:23.596+0000] {warnings.py:112} WARNING - /home/***/.local/lib/python3.12/site-packages/***/task/task_runner/standard_task_runner.py:61: DeprecationWarning: This process (pid=158) is multi-threaded, use of fork() may lead to deadlocks in the child.
  pid = os.fork()

[2025-10-15T00:19:23.599+0000] {standard_task_runner.py:63} INFO - Started process 175 to run task
[2025-10-15T00:19:23.597+0000] {standard_task_runner.py:90} INFO - Running: ['***', 'tasks', 'run', 'Airflow_Lab1', 'build_save_model_task', 'scheduled__2025-10-14T00:00:00+00:00', '--job-id', '5', '--raw', '--subdir', 'DAGS_FOLDER/***.py', '--cfg-path', '/tmp/tmpx7xm2gx6']
[2025-10-15T00:19:23.601+0000] {standard_task_runner.py:91} INFO - Job 5: Subtask build_save_model_task
[2025-10-15T00:19:23.680+0000] {task_command.py:426} INFO - Running <TaskInstance: Airflow_Lab1.build_save_model_task scheduled__2025-10-14T00:00:00+00:00 [running]> on host 71ce3af9197c
[2025-10-15T00:19:23.834+0000] {taskinstance.py:2648} INFO - Exporting env vars: AIRFLOW_CTX_DAG_OWNER='your_name' AIRFLOW_CTX_DAG_ID='Airflow_Lab1' AIRFLOW_CTX_TASK_ID='build_save_model_task' AIRFLOW_CTX_EXECUTION_DATE='2025-10-14T00:00:00+00:00' AIRFLOW_CTX_TRY_NUMBER='1' AIRFLOW_CTX_DAG_RUN_ID='scheduled__2025-10-14T00:00:00+00:00'
[2025-10-15T00:19:23.836+0000] {taskinstance.py:430} INFO - ::endgroup::
[2025-10-15T00:19:47.639+0000] {python.py:237} INFO - Done. Returned value was: [250.32804209291427, 128.89457877623195, 91.64796947554564, 72.46932731979093, 59.86327285249884, 52.062042375091096, 46.597186677802505, 41.503691835394186, 36.95114238763414, 33.98847132890032, 31.158175787006286, 28.841604325536117, 26.975244440370844, 25.31069460440262, 23.870878579148393, 22.74762480402991, 21.53078145664584, 20.78619821689674, 20.16495502270541, 19.36517825083055, 18.808369593226242, 18.340560866407348, 17.91067364710829, 17.4986961014533, 16.925499000396076, 16.74569758790151, 15.971849566736282, 15.713641610762627, 15.265240945761871, 15.123488668482402, 14.95684683073617, 14.564404867780398, 14.346219766384518, 14.24151040534382, 13.878564948981433, 13.709270074630073, 13.323041961354466, 13.140532592766867, 12.78054756839574, 12.902743776484668, 12.781639801700791, 12.407094113235535, 11.969429488066995, 12.042173765648133, 11.862509887788736, 11.759060787676969, 11.511387460490853, 11.707834596270319, 11.45974617383196]
[2025-10-15T00:19:47.641+0000] {taskinstance.py:441} INFO - ::group::Post task execution logs
[2025-10-15T00:19:47.695+0000] {taskinstance.py:1206} INFO - Marking task as SUCCESS. dag_id=Airflow_Lab1, task_id=build_save_model_task, run_id=scheduled__2025-10-14T00:00:00+00:00, execution_date=20251014T000000, start_date=20251015T001923, end_date=20251015T001947
[2025-10-15T00:19:47.776+0000] {local_task_job_runner.py:240} INFO - Task exited with return code 0
[2025-10-15T00:19:47.817+0000] {taskinstance.py:3503} INFO - 1 downstream tasks scheduled from follow-on schedule check
[2025-10-15T00:19:47.831+0000] {local_task_job_runner.py:222} INFO - ::endgroup::
[2025-10-15T00:38:30.998+0000] {local_task_job_runner.py:120} INFO - ::group::Pre task execution logs
[2025-10-15T00:38:31.034+0000] {taskinstance.py:2076} INFO - Dependencies all met for dep_context=non-requeueable deps ti=<TaskInstance: Airflow_Lab1.build_save_model_task scheduled__2025-10-14T00:00:00+00:00 [queued]>
[2025-10-15T00:38:31.047+0000] {taskinstance.py:2076} INFO - Dependencies all met for dep_context=requeueable deps ti=<TaskInstance: Airflow_Lab1.build_save_model_task scheduled__2025-10-14T00:00:00+00:00 [queued]>
[2025-10-15T00:38:31.048+0000] {taskinstance.py:2306} INFO - Starting attempt 1 of 2
[2025-10-15T00:38:31.077+0000] {taskinstance.py:2330} INFO - Executing <Task(PythonOperator): build_save_model_task> on 2025-10-14 00:00:00+00:00
[2025-10-15T00:38:31.090+0000] {warnings.py:112} WARNING - /home/***/.local/lib/python3.12/site-packages/***/task/task_runner/standard_task_runner.py:61: DeprecationWarning: This process (pid=145) is multi-threaded, use of fork() may lead to deadlocks in the child.
  pid = os.fork()

[2025-10-15T00:38:31.094+0000] {standard_task_runner.py:63} INFO - Started process 162 to run task
[2025-10-15T00:38:31.092+0000] {standard_task_runner.py:90} INFO - Running: ['***', 'tasks', 'run', 'Airflow_Lab1', 'build_save_model_task', 'scheduled__2025-10-14T00:00:00+00:00', '--job-id', '5', '--raw', '--subdir', 'DAGS_FOLDER/***.py', '--cfg-path', '/tmp/tmp4eevyaqs']
[2025-10-15T00:38:31.096+0000] {standard_task_runner.py:91} INFO - Job 5: Subtask build_save_model_task
[2025-10-15T00:38:31.177+0000] {task_command.py:426} INFO - Running <TaskInstance: Airflow_Lab1.build_save_model_task scheduled__2025-10-14T00:00:00+00:00 [running]> on host 76adb37d907a
[2025-10-15T00:38:31.358+0000] {taskinstance.py:2648} INFO - Exporting env vars: AIRFLOW_CTX_DAG_OWNER='your_name' AIRFLOW_CTX_DAG_ID='Airflow_Lab1' AIRFLOW_CTX_TASK_ID='build_save_model_task' AIRFLOW_CTX_EXECUTION_DATE='2025-10-14T00:00:00+00:00' AIRFLOW_CTX_TRY_NUMBER='1' AIRFLOW_CTX_DAG_RUN_ID='scheduled__2025-10-14T00:00:00+00:00'
[2025-10-15T00:38:31.360+0000] {taskinstance.py:430} INFO - ::endgroup::
[2025-10-15T00:38:55.535+0000] {python.py:237} INFO - Done. Returned value was: [250.32804209291427, 128.89457877623195, 91.64796947554562, 72.46932731979095, 59.86327285249885, 52.06204237509109, 46.597186677802505, 41.50369183539418, 36.95114238763414, 33.98847132890032, 31.158175787006286, 28.841604325536117, 26.97524444037084, 25.31069460440262, 23.870878579148393, 22.747624804029908, 21.530781456645837, 20.786198216896736, 20.16495502270541, 19.36517825083055, 18.808369593226242, 18.340560866407344, 17.910673647108293, 17.498696101453298, 16.92549900039608, 16.74569758790151, 15.971849566736282, 15.713641610762625, 15.265240945761873, 15.123488668482402, 14.95684683073617, 14.564404867780398, 14.346219766384518, 14.241510405343822, 13.878564948981431, 13.709270074630075, 13.323041961354466, 13.140532592766869, 12.78054756839574, 12.902743776484666, 12.781639801700793, 12.407094113235535, 11.969429488066993, 12.042173765648133, 11.862509887788734, 11.759060787676969, 11.511387460490855, 11.707834596270319, 11.459746173831961]
[2025-10-15T00:38:55.537+0000] {taskinstance.py:441} INFO - ::group::Post task execution logs
[2025-10-15T00:38:55.595+0000] {taskinstance.py:1206} INFO - Marking task as SUCCESS. dag_id=Airflow_Lab1, task_id=build_save_model_task, run_id=scheduled__2025-10-14T00:00:00+00:00, execution_date=20251014T000000, start_date=20251015T003831, end_date=20251015T003855
[2025-10-15T00:38:55.631+0000] {local_task_job_runner.py:240} INFO - Task exited with return code 0
[2025-10-15T00:38:55.669+0000] {taskinstance.py:3503} INFO - 1 downstream tasks scheduled from follow-on schedule check
[2025-10-15T00:38:55.681+0000] {local_task_job_runner.py:222} INFO - ::endgroup::
