[2025-10-19T16:28:30.232+0000] {local_task_job_runner.py:120} INFO - ::group::Pre task execution logs
[2025-10-19T16:28:30.279+0000] {taskinstance.py:2076} INFO - Dependencies all met for dep_context=non-requeueable deps ti=<TaskInstance: sandbox_dag.bash_task manual__2025-10-19T16:28:28.578643+00:00 [queued]>
[2025-10-19T16:28:30.293+0000] {taskinstance.py:2076} INFO - Dependencies all met for dep_context=requeueable deps ti=<TaskInstance: sandbox_dag.bash_task manual__2025-10-19T16:28:28.578643+00:00 [queued]>
[2025-10-19T16:28:30.304+0000] {taskinstance.py:2306} INFO - Starting attempt 1 of 2
[2025-10-19T16:28:30.325+0000] {taskinstance.py:2330} INFO - Executing <Task(BashOperator): bash_task> on 2025-10-19 16:28:28.578643+00:00
[2025-10-19T16:28:30.335+0000] {warnings.py:112} WARNING - /home/***/.local/lib/python3.12/site-packages/***/task/task_runner/standard_task_runner.py:61: DeprecationWarning: This process (pid=106) is multi-threaded, use of fork() may lead to deadlocks in the child.
  pid = os.fork()

[2025-10-19T16:28:30.336+0000] {standard_task_runner.py:90} INFO - Running: ['***', 'tasks', 'run', 'sandbox_dag', 'bash_task', 'manual__2025-10-19T16:28:28.578643+00:00', '--job-id', '19', '--raw', '--subdir', 'DAGS_FOLDER/sandbox.py', '--cfg-path', '/tmp/tmpnljts8xf']
[2025-10-19T16:28:30.338+0000] {standard_task_runner.py:63} INFO - Started process 107 to run task
[2025-10-19T16:28:30.338+0000] {standard_task_runner.py:91} INFO - Job 19: Subtask bash_task
[2025-10-19T16:28:30.419+0000] {task_command.py:426} INFO - Running <TaskInstance: sandbox_dag.bash_task manual__2025-10-19T16:28:28.578643+00:00 [running]> on host be4256a5cf8e
[2025-10-19T16:28:30.553+0000] {taskinstance.py:2648} INFO - Exporting env vars: AIRFLOW_CTX_DAG_OWNER='***' AIRFLOW_CTX_DAG_ID='sandbox_dag' AIRFLOW_CTX_TASK_ID='bash_task' AIRFLOW_CTX_EXECUTION_DATE='2025-10-19T16:28:28.578643+00:00' AIRFLOW_CTX_TRY_NUMBER='1' AIRFLOW_CTX_DAG_RUN_ID='manual__2025-10-19T16:28:28.578643+00:00'
[2025-10-19T16:28:30.555+0000] {taskinstance.py:430} INFO - ::endgroup::
[2025-10-19T16:28:30.600+0000] {subprocess.py:63} INFO - Tmp dir root location: /tmp
[2025-10-19T16:28:30.603+0000] {subprocess.py:75} INFO - Running command: ['/usr/bin/bash', '-c', 'echo "This is a Bash command running inside Airflow!"']
[2025-10-19T16:28:30.619+0000] {subprocess.py:86} INFO - Output:
[2025-10-19T16:28:30.622+0000] {subprocess.py:93} INFO - This is a Bash command running inside Airflow!
[2025-10-19T16:28:30.623+0000] {subprocess.py:97} INFO - Command exited with return code 0
[2025-10-19T16:28:30.625+0000] {taskinstance.py:441} INFO - ::group::Post task execution logs
[2025-10-19T16:28:30.662+0000] {taskinstance.py:1206} INFO - Marking task as SUCCESS. dag_id=sandbox_dag, task_id=bash_task, run_id=manual__2025-10-19T16:28:28.578643+00:00, execution_date=20251019T162828, start_date=20251019T162830, end_date=20251019T162830
[2025-10-19T16:28:30.715+0000] {local_task_job_runner.py:240} INFO - Task exited with return code 0
[2025-10-19T16:28:30.750+0000] {taskinstance.py:3503} INFO - 1 downstream tasks scheduled from follow-on schedule check
[2025-10-19T16:28:30.763+0000] {local_task_job_runner.py:222} INFO - ::endgroup::
