[2025-10-15T00:19:55.169+0000] {local_task_job_runner.py:120} INFO - ::group::Pre task execution logs
[2025-10-15T00:19:55.210+0000] {taskinstance.py:2076} INFO - Dependencies all met for dep_context=non-requeueable deps ti=<TaskInstance: Airflow_Lab1.trigger_bash_dag scheduled__2025-10-14T00:00:00+00:00 [queued]>
[2025-10-15T00:19:55.224+0000] {taskinstance.py:2076} INFO - Dependencies all met for dep_context=requeueable deps ti=<TaskInstance: Airflow_Lab1.trigger_bash_dag scheduled__2025-10-14T00:00:00+00:00 [queued]>
[2025-10-15T00:19:55.225+0000] {taskinstance.py:2306} INFO - Starting attempt 1 of 2
[2025-10-15T00:19:55.258+0000] {taskinstance.py:2330} INFO - Executing <Task(TriggerDagRunOperator): trigger_bash_dag> on 2025-10-14 00:00:00+00:00
[2025-10-15T00:19:55.271+0000] {warnings.py:112} WARNING - /home/***/.local/lib/python3.12/site-packages/***/task/task_runner/standard_task_runner.py:61: DeprecationWarning: This process (pid=271) is multi-threaded, use of fork() may lead to deadlocks in the child.
  pid = os.fork()

[2025-10-15T00:19:55.275+0000] {standard_task_runner.py:63} INFO - Started process 288 to run task
[2025-10-15T00:19:55.273+0000] {standard_task_runner.py:90} INFO - Running: ['***', 'tasks', 'run', 'Airflow_Lab1', 'trigger_bash_dag', 'scheduled__2025-10-14T00:00:00+00:00', '--job-id', '7', '--raw', '--subdir', 'DAGS_FOLDER/***.py', '--cfg-path', '/tmp/tmp322s0pk2']
[2025-10-15T00:19:55.277+0000] {standard_task_runner.py:91} INFO - Job 7: Subtask trigger_bash_dag
[2025-10-15T00:19:55.349+0000] {task_command.py:426} INFO - Running <TaskInstance: Airflow_Lab1.trigger_bash_dag scheduled__2025-10-14T00:00:00+00:00 [running]> on host 71ce3af9197c
[2025-10-15T00:19:55.489+0000] {taskinstance.py:2648} INFO - Exporting env vars: AIRFLOW_CTX_DAG_OWNER='your_name' AIRFLOW_CTX_DAG_ID='Airflow_Lab1' AIRFLOW_CTX_TASK_ID='trigger_bash_dag' AIRFLOW_CTX_EXECUTION_DATE='2025-10-14T00:00:00+00:00' AIRFLOW_CTX_TRY_NUMBER='1' AIRFLOW_CTX_DAG_RUN_ID='scheduled__2025-10-14T00:00:00+00:00'
[2025-10-15T00:19:55.491+0000] {taskinstance.py:430} INFO - ::endgroup::
[2025-10-15T00:19:55.626+0000] {taskinstance.py:441} INFO - ::group::Post task execution logs
[2025-10-15T00:19:55.640+0000] {taskinstance.py:1206} INFO - Marking task as SUCCESS. dag_id=Airflow_Lab1, task_id=trigger_bash_dag, run_id=scheduled__2025-10-14T00:00:00+00:00, execution_date=20251014T000000, start_date=20251015T001955, end_date=20251015T001955
[2025-10-15T00:19:55.692+0000] {local_task_job_runner.py:240} INFO - Task exited with return code 0
[2025-10-15T00:19:55.716+0000] {taskinstance.py:3503} INFO - 0 downstream tasks scheduled from follow-on schedule check
[2025-10-15T00:19:55.719+0000] {local_task_job_runner.py:222} INFO - ::endgroup::
[2025-10-15T00:39:01.657+0000] {local_task_job_runner.py:120} INFO - ::group::Pre task execution logs
[2025-10-15T00:39:01.694+0000] {taskinstance.py:2076} INFO - Dependencies all met for dep_context=non-requeueable deps ti=<TaskInstance: Airflow_Lab1.trigger_bash_dag scheduled__2025-10-14T00:00:00+00:00 [queued]>
[2025-10-15T00:39:01.708+0000] {taskinstance.py:2076} INFO - Dependencies all met for dep_context=requeueable deps ti=<TaskInstance: Airflow_Lab1.trigger_bash_dag scheduled__2025-10-14T00:00:00+00:00 [queued]>
[2025-10-15T00:39:01.710+0000] {taskinstance.py:2306} INFO - Starting attempt 1 of 2
[2025-10-15T00:39:01.731+0000] {taskinstance.py:2330} INFO - Executing <Task(TriggerDagRunOperator): trigger_bash_dag> on 2025-10-14 00:00:00+00:00
[2025-10-15T00:39:01.745+0000] {warnings.py:112} WARNING - /home/***/.local/lib/python3.12/site-packages/***/task/task_runner/standard_task_runner.py:61: DeprecationWarning: This process (pid=258) is multi-threaded, use of fork() may lead to deadlocks in the child.
  pid = os.fork()

[2025-10-15T00:39:01.748+0000] {standard_task_runner.py:63} INFO - Started process 275 to run task
[2025-10-15T00:39:01.746+0000] {standard_task_runner.py:90} INFO - Running: ['***', 'tasks', 'run', 'Airflow_Lab1', 'trigger_bash_dag', 'scheduled__2025-10-14T00:00:00+00:00', '--job-id', '7', '--raw', '--subdir', 'DAGS_FOLDER/***.py', '--cfg-path', '/tmp/tmpbea5z17j']
[2025-10-15T00:39:01.750+0000] {standard_task_runner.py:91} INFO - Job 7: Subtask trigger_bash_dag
[2025-10-15T00:39:01.826+0000] {task_command.py:426} INFO - Running <TaskInstance: Airflow_Lab1.trigger_bash_dag scheduled__2025-10-14T00:00:00+00:00 [running]> on host 76adb37d907a
[2025-10-15T00:39:01.971+0000] {taskinstance.py:2648} INFO - Exporting env vars: AIRFLOW_CTX_DAG_OWNER='your_name' AIRFLOW_CTX_DAG_ID='Airflow_Lab1' AIRFLOW_CTX_TASK_ID='trigger_bash_dag' AIRFLOW_CTX_EXECUTION_DATE='2025-10-14T00:00:00+00:00' AIRFLOW_CTX_TRY_NUMBER='1' AIRFLOW_CTX_DAG_RUN_ID='scheduled__2025-10-14T00:00:00+00:00'
[2025-10-15T00:39:01.974+0000] {taskinstance.py:430} INFO - ::endgroup::
[2025-10-15T00:39:02.103+0000] {taskinstance.py:441} INFO - ::group::Post task execution logs
[2025-10-15T00:39:02.117+0000] {taskinstance.py:1206} INFO - Marking task as SUCCESS. dag_id=Airflow_Lab1, task_id=trigger_bash_dag, run_id=scheduled__2025-10-14T00:00:00+00:00, execution_date=20251014T000000, start_date=20251015T003901, end_date=20251015T003902
[2025-10-15T00:39:02.165+0000] {local_task_job_runner.py:240} INFO - Task exited with return code 0
[2025-10-15T00:39:02.192+0000] {taskinstance.py:3503} INFO - 0 downstream tasks scheduled from follow-on schedule check
[2025-10-15T00:39:02.204+0000] {local_task_job_runner.py:222} INFO - ::endgroup::
