[2025-10-19T16:19:26.561+0000] {local_task_job_runner.py:120} INFO - ::group::Pre task execution logs
[2025-10-19T16:19:26.600+0000] {taskinstance.py:2076} INFO - Dependencies all met for dep_context=non-requeueable deps ti=<TaskInstance: Airflow_Lab1.load_model_task scheduled__2025-10-18T00:00:00+00:00 [queued]>
[2025-10-19T16:19:26.614+0000] {taskinstance.py:2076} INFO - Dependencies all met for dep_context=requeueable deps ti=<TaskInstance: Airflow_Lab1.load_model_task scheduled__2025-10-18T00:00:00+00:00 [queued]>
[2025-10-19T16:19:26.617+0000] {taskinstance.py:2306} INFO - Starting attempt 1 of 2
[2025-10-19T16:19:26.642+0000] {taskinstance.py:2330} INFO - Executing <Task(PythonOperator): load_model_task> on 2025-10-18 00:00:00+00:00
[2025-10-19T16:19:26.659+0000] {warnings.py:112} WARNING - /home/***/.local/lib/python3.12/site-packages/***/task/task_runner/standard_task_runner.py:61: DeprecationWarning: This process (pid=200) is multi-threaded, use of fork() may lead to deadlocks in the child.
  pid = os.fork()

[2025-10-19T16:19:26.662+0000] {standard_task_runner.py:63} INFO - Started process 217 to run task
[2025-10-19T16:19:26.660+0000] {standard_task_runner.py:90} INFO - Running: ['***', 'tasks', 'run', 'Airflow_Lab1', 'load_model_task', 'scheduled__2025-10-18T00:00:00+00:00', '--job-id', '13', '--raw', '--subdir', 'DAGS_FOLDER/***.py', '--cfg-path', '/tmp/tmpsqwf03d8']
[2025-10-19T16:19:26.664+0000] {standard_task_runner.py:91} INFO - Job 13: Subtask load_model_task
[2025-10-19T16:19:26.740+0000] {task_command.py:426} INFO - Running <TaskInstance: Airflow_Lab1.load_model_task scheduled__2025-10-18T00:00:00+00:00 [running]> on host 95f0e78c2c2c
[2025-10-19T16:19:26.960+0000] {taskinstance.py:2648} INFO - Exporting env vars: AIRFLOW_CTX_DAG_OWNER='your_name' AIRFLOW_CTX_DAG_ID='Airflow_Lab1' AIRFLOW_CTX_TASK_ID='load_model_task' AIRFLOW_CTX_EXECUTION_DATE='2025-10-18T00:00:00+00:00' AIRFLOW_CTX_TRY_NUMBER='1' AIRFLOW_CTX_DAG_RUN_ID='scheduled__2025-10-18T00:00:00+00:00'
[2025-10-19T16:19:26.963+0000] {taskinstance.py:430} INFO - ::endgroup::
[2025-10-19T16:19:27.002+0000] {logging_mixin.py:188} INFO - Optimal no. of clusters: 8
[2025-10-19T16:19:27.022+0000] {warnings.py:112} WARNING - /home/***/.local/lib/python3.12/site-packages/sklearn/utils/validation.py:2742: UserWarning: X has feature names, but KMeans was fitted without feature names
  warnings.warn(

[2025-10-19T16:19:27.066+0000] {python.py:237} INFO - Done. Returned value was: 5
[2025-10-19T16:19:27.069+0000] {taskinstance.py:441} INFO - ::group::Post task execution logs
[2025-10-19T16:19:27.139+0000] {taskinstance.py:1206} INFO - Marking task as SUCCESS. dag_id=Airflow_Lab1, task_id=load_model_task, run_id=scheduled__2025-10-18T00:00:00+00:00, execution_date=20251018T000000, start_date=20251019T161926, end_date=20251019T161927
[2025-10-19T16:19:27.200+0000] {local_task_job_runner.py:240} INFO - Task exited with return code 0
[2025-10-19T16:19:27.235+0000] {taskinstance.py:3503} INFO - 1 downstream tasks scheduled from follow-on schedule check
[2025-10-19T16:19:27.247+0000] {local_task_job_runner.py:222} INFO - ::endgroup::
