[2025-10-05T20:10:32.430+0000] {manager.py:470} INFO - Processing files using up to 2 processes at a time 
[2025-10-05T20:10:32.431+0000] {manager.py:471} INFO - Process each file at most once every 30 seconds
[2025-10-05T20:10:32.433+0000] {manager.py:472} INFO - Checking for new files in /opt/airflow/dags every 300 seconds
[2025-10-05T20:10:32.435+0000] {manager.py:737} INFO - Searching for files in /opt/airflow/dags
[2025-10-05T20:10:32.487+0000] {manager.py:740} INFO - There are 1 files in /opt/airflow/dags
[2025-10-05T20:10:32.609+0000] {manager.py:878} INFO - 
================================================================================
DAG File Processing Stats

File Path                       PID  Runtime      # DAGs    # Errors  Last Runtime    Last Run
----------------------------  -----  ---------  --------  ----------  --------------  ----------
/opt/airflow/dags/airflow.py     96  0.07s             0           0
================================================================================
[2025-10-05T20:11:02.823+0000] {manager.py:878} INFO - 
================================================================================
DAG File Processing Stats

File Path                       PID  Runtime      # DAGs    # Errors  Last Runtime    Last Run
----------------------------  -----  ---------  --------  ----------  --------------  -------------------
/opt/airflow/dags/airflow.py    103  0.00s             0           1  0.12s           2025-10-05T20:10:32
================================================================================
[2025-10-05T20:11:33.043+0000] {manager.py:878} INFO - 
================================================================================
DAG File Processing Stats

File Path                       PID  Runtime      # DAGs    # Errors  Last Runtime    Last Run
----------------------------  -----  ---------  --------  ----------  --------------  -------------------
/opt/airflow/dags/airflow.py    110  0.01s             0           1  0.12s           2025-10-05T20:11:02
================================================================================
[2025-10-05T20:12:03.288+0000] {manager.py:878} INFO - 
================================================================================
DAG File Processing Stats

File Path                     PID    Runtime      # DAGs    # Errors  Last Runtime    Last Run
----------------------------  -----  ---------  --------  ----------  --------------  -------------------
/opt/airflow/dags/airflow.py                           1           0  2.93s           2025-10-05T20:11:54
================================================================================
[2025-10-05T20:12:33.543+0000] {manager.py:878} INFO - 
================================================================================
DAG File Processing Stats

File Path                     PID    Runtime      # DAGs    # Errors  Last Runtime    Last Run
----------------------------  -----  ---------  --------  ----------  --------------  -------------------
/opt/airflow/dags/airflow.py                           1           0  1.69s           2025-10-05T20:12:26
================================================================================
[2025-10-05T20:13:03.729+0000] {manager.py:878} INFO - 
================================================================================
DAG File Processing Stats

File Path                     PID    Runtime      # DAGs    # Errors  Last Runtime    Last Run
----------------------------  -----  ---------  --------  ----------  --------------  -------------------
/opt/airflow/dags/airflow.py                           1           0  1.74s           2025-10-05T20:12:58
================================================================================
[2025-10-05T20:13:33.887+0000] {manager.py:878} INFO - 
================================================================================
DAG File Processing Stats

File Path                     PID    Runtime      # DAGs    # Errors  Last Runtime    Last Run
----------------------------  -----  ---------  --------  ----------  --------------  -------------------
/opt/airflow/dags/airflow.py                           1           0  1.90s           2025-10-05T20:13:07
================================================================================
[2025-10-05T20:14:04.552+0000] {manager.py:878} INFO - 
================================================================================
DAG File Processing Stats

File Path                     PID    Runtime      # DAGs    # Errors  Last Runtime    Last Run
----------------------------  -----  ---------  --------  ----------  --------------  -------------------
/opt/airflow/dags/airflow.py                           1           0  1.80s           2025-10-05T20:13:39
================================================================================
[2025-10-05T20:14:34.794+0000] {manager.py:878} INFO - 
================================================================================
DAG File Processing Stats

File Path                     PID    Runtime      # DAGs    # Errors  Last Runtime    Last Run
----------------------------  -----  ---------  --------  ----------  --------------  -------------------
/opt/airflow/dags/airflow.py                           1           0  1.79s           2025-10-05T20:14:11
================================================================================
[2025-10-05T20:15:05.049+0000] {manager.py:878} INFO - 
================================================================================
DAG File Processing Stats

File Path                     PID    Runtime      # DAGs    # Errors  Last Runtime    Last Run
----------------------------  -----  ---------  --------  ----------  --------------  -------------------
/opt/airflow/dags/airflow.py                           1           0  1.72s           2025-10-05T20:14:43
================================================================================
[2025-10-05T20:15:33.217+0000] {manager.py:737} INFO - Searching for files in /opt/airflow/dags
[2025-10-05T20:15:33.344+0000] {manager.py:740} INFO - There are 1 files in /opt/airflow/dags
[2025-10-05T20:15:35.379+0000] {manager.py:878} INFO - 
================================================================================
DAG File Processing Stats

File Path                     PID    Runtime      # DAGs    # Errors  Last Runtime    Last Run
----------------------------  -----  ---------  --------  ----------  --------------  -------------------
/opt/airflow/dags/airflow.py                           1           0  1.52s           2025-10-05T20:15:15
================================================================================
[2025-10-05T20:16:05.626+0000] {manager.py:878} INFO - 
================================================================================
DAG File Processing Stats

File Path                     PID    Runtime      # DAGs    # Errors  Last Runtime    Last Run
----------------------------  -----  ---------  --------  ----------  --------------  -------------------
/opt/airflow/dags/airflow.py                           1           0  1.74s           2025-10-05T20:15:47
================================================================================
[2025-10-05T20:16:35.816+0000] {manager.py:878} INFO - 
================================================================================
DAG File Processing Stats

File Path                     PID    Runtime      # DAGs    # Errors  Last Runtime    Last Run
----------------------------  -----  ---------  --------  ----------  --------------  -------------------
/opt/airflow/dags/airflow.py                           1           0  1.90s           2025-10-05T20:16:19
================================================================================
[2025-10-05T20:17:06.018+0000] {manager.py:878} INFO - 
================================================================================
DAG File Processing Stats

File Path                     PID    Runtime      # DAGs    # Errors  Last Runtime    Last Run
----------------------------  -----  ---------  --------  ----------  --------------  -------------------
/opt/airflow/dags/airflow.py                           1           0  1.99s           2025-10-05T20:16:51
================================================================================
[2025-10-05T20:17:36.236+0000] {manager.py:878} INFO - 
================================================================================
DAG File Processing Stats

File Path                     PID    Runtime      # DAGs    # Errors  Last Runtime    Last Run
----------------------------  -----  ---------  --------  ----------  --------------  -------------------
/opt/airflow/dags/airflow.py                           1           0  1.76s           2025-10-05T20:17:23
================================================================================
[2025-10-05T20:18:06.470+0000] {manager.py:878} INFO - 
================================================================================
DAG File Processing Stats

File Path                     PID    Runtime      # DAGs    # Errors  Last Runtime    Last Run
----------------------------  -----  ---------  --------  ----------  --------------  -------------------
/opt/airflow/dags/airflow.py                           1           0  1.87s           2025-10-05T20:17:55
================================================================================
[2025-10-05T20:18:36.879+0000] {manager.py:878} INFO - 
================================================================================
DAG File Processing Stats

File Path                     PID    Runtime      # DAGs    # Errors  Last Runtime    Last Run
----------------------------  -----  ---------  --------  ----------  --------------  -------------------
/opt/airflow/dags/airflow.py                           1           0  1.50s           2025-10-05T20:18:27
================================================================================
[2025-10-05T20:19:07.115+0000] {manager.py:878} INFO - 
================================================================================
DAG File Processing Stats

File Path                     PID    Runtime      # DAGs    # Errors  Last Runtime    Last Run
----------------------------  -----  ---------  --------  ----------  --------------  -------------------
/opt/airflow/dags/airflow.py                           1           0  1.92s           2025-10-05T20:18:59
================================================================================
[2025-10-05T20:19:37.359+0000] {manager.py:878} INFO - 
================================================================================
DAG File Processing Stats

File Path                     PID    Runtime      # DAGs    # Errors  Last Runtime    Last Run
----------------------------  -----  ---------  --------  ----------  --------------  -------------------
/opt/airflow/dags/airflow.py                           1           0  1.88s           2025-10-05T20:19:31
================================================================================
[2025-10-05T20:20:07.483+0000] {manager.py:878} INFO - 
================================================================================
DAG File Processing Stats

File Path                     PID    Runtime      # DAGs    # Errors  Last Runtime    Last Run
----------------------------  -----  ---------  --------  ----------  --------------  -------------------
/opt/airflow/dags/airflow.py                           1           0  1.88s           2025-10-05T20:20:03
================================================================================
[2025-10-05T20:20:33.660+0000] {manager.py:737} INFO - Searching for files in /opt/airflow/dags
[2025-10-05T20:20:33.779+0000] {manager.py:740} INFO - There are 1 files in /opt/airflow/dags
[2025-10-05T20:20:37.764+0000] {manager.py:878} INFO - 
================================================================================
DAG File Processing Stats

File Path                     PID    Runtime      # DAGs    # Errors  Last Runtime    Last Run
----------------------------  -----  ---------  --------  ----------  --------------  -------------------
/opt/airflow/dags/airflow.py                           1           0  1.93s           2025-10-05T20:20:35
================================================================================
[2025-10-05T20:21:08.050+0000] {manager.py:878} INFO - 
================================================================================
DAG File Processing Stats

File Path                     PID    Runtime      # DAGs    # Errors  Last Runtime    Last Run
----------------------------  -----  ---------  --------  ----------  --------------  -------------------
/opt/airflow/dags/airflow.py                           1           0  1.69s           2025-10-05T20:21:07
================================================================================
[2025-10-05T20:21:38.277+0000] {manager.py:878} INFO - 
================================================================================
DAG File Processing Stats

File Path                       PID  Runtime      # DAGs    # Errors  Last Runtime    Last Run
----------------------------  -----  ---------  --------  ----------  --------------  -------------------
/opt/airflow/dags/airflow.py    554  0.38s             1           0  1.69s           2025-10-05T20:21:07
================================================================================
[2025-10-05T20:22:08.484+0000] {manager.py:878} INFO - 
================================================================================
DAG File Processing Stats

File Path                     PID    Runtime      # DAGs    # Errors  Last Runtime    Last Run
----------------------------  -----  ---------  --------  ----------  --------------  -------------------
/opt/airflow/dags/airflow.py                           1           0  1.81s           2025-10-05T20:21:39
================================================================================
[2025-10-05T20:22:14.303+0000] {manager.py:452} INFO - Exiting gracefully upon receiving signal 15
[2025-10-05T20:39:36.663+0000] {manager.py:470} INFO - Processing files using up to 2 processes at a time 
[2025-10-05T20:39:36.665+0000] {manager.py:471} INFO - Process each file at most once every 30 seconds
[2025-10-05T20:39:36.666+0000] {manager.py:472} INFO - Checking for new files in /opt/airflow/dags every 300 seconds
[2025-10-05T20:39:36.668+0000] {manager.py:737} INFO - Searching for files in /opt/airflow/dags
[2025-10-05T20:39:36.827+0000] {manager.py:740} INFO - There are 2 files in /opt/airflow/dags
[2025-10-05T20:39:36.967+0000] {manager.py:878} INFO - 
================================================================================
DAG File Processing Stats

File Path                        PID  Runtime      # DAGs    # Errors  Last Runtime    Last Run
-----------------------------  -----  ---------  --------  ----------  --------------  ----------
/opt/airflow/dags/airflow.py      96  0.08s             0           0
/opt/airflow/dags/bash_dag.py     97  0.06s             0           0
================================================================================
[2025-10-05T20:40:07.201+0000] {manager.py:878} INFO - 
================================================================================
DAG File Processing Stats

File Path                      PID    Runtime      # DAGs    # Errors  Last Runtime    Last Run
-----------------------------  -----  ---------  --------  ----------  --------------  -------------------
/opt/airflow/dags/airflow.py                            0           1  3.44s           2025-10-05T20:39:40
/opt/airflow/dags/bash_dag.py                           1           0  0.67s           2025-10-05T20:39:37
================================================================================
[2025-10-05T20:40:37.232+0000] {manager.py:878} INFO - 
================================================================================
DAG File Processing Stats

File Path                      PID    Runtime      # DAGs    # Errors  Last Runtime    Last Run
-----------------------------  -----  ---------  --------  ----------  --------------  -------------------
/opt/airflow/dags/airflow.py                            0           1  1.62s           2025-10-05T20:40:12
/opt/airflow/dags/bash_dag.py                           1           0  0.15s           2025-10-05T20:40:08
================================================================================
[2025-10-05T20:41:07.411+0000] {manager.py:878} INFO - 
================================================================================
DAG File Processing Stats

File Path                      PID    Runtime      # DAGs    # Errors  Last Runtime    Last Run
-----------------------------  -----  ---------  --------  ----------  --------------  -------------------
/opt/airflow/dags/airflow.py                            0           1  1.53s           2025-10-05T20:40:44
/opt/airflow/dags/bash_dag.py                           1           0  0.21s           2025-10-05T20:40:38
================================================================================
[2025-10-05T20:41:37.516+0000] {manager.py:878} INFO - 
================================================================================
DAG File Processing Stats

File Path                      PID    Runtime      # DAGs    # Errors  Last Runtime    Last Run
-----------------------------  -----  ---------  --------  ----------  --------------  -------------------
/opt/airflow/dags/airflow.py                            0           1  1.64s           2025-10-05T20:41:15
/opt/airflow/dags/bash_dag.py                           1           0  0.18s           2025-10-05T20:41:09
================================================================================
[2025-10-05T20:42:07.939+0000] {manager.py:878} INFO - 
================================================================================
DAG File Processing Stats

File Path                      PID    Runtime      # DAGs    # Errors  Last Runtime    Last Run
-----------------------------  -----  ---------  --------  ----------  --------------  -------------------
/opt/airflow/dags/airflow.py                            0           1  1.59s           2025-10-05T20:41:48
/opt/airflow/dags/bash_dag.py                           1           0  0.16s           2025-10-05T20:41:39
================================================================================
[2025-10-05T20:42:38.082+0000] {manager.py:878} INFO - 
================================================================================
DAG File Processing Stats

File Path                      PID    Runtime      # DAGs    # Errors  Last Runtime    Last Run
-----------------------------  -----  ---------  --------  ----------  --------------  -------------------
/opt/airflow/dags/airflow.py                            0           1  1.67s           2025-10-05T20:42:19
/opt/airflow/dags/bash_dag.py                           1           0  0.15s           2025-10-05T20:42:10
================================================================================
[2025-10-05T20:43:01.552+0000] {manager.py:452} INFO - Exiting gracefully upon receiving signal 15
[2025-10-05T20:44:38.439+0000] {manager.py:470} INFO - Processing files using up to 2 processes at a time 
[2025-10-05T20:44:38.441+0000] {manager.py:471} INFO - Process each file at most once every 30 seconds
[2025-10-05T20:44:38.443+0000] {manager.py:472} INFO - Checking for new files in /opt/airflow/dags every 300 seconds
[2025-10-05T20:44:38.445+0000] {manager.py:737} INFO - Searching for files in /opt/airflow/dags
[2025-10-05T20:44:38.611+0000] {manager.py:740} INFO - There are 2 files in /opt/airflow/dags
[2025-10-05T20:44:38.792+0000] {manager.py:878} INFO - 
================================================================================
DAG File Processing Stats

File Path                        PID  Runtime      # DAGs    # Errors  Last Runtime    Last Run
-----------------------------  -----  ---------  --------  ----------  --------------  ----------
/opt/airflow/dags/airflow.py      95  0.08s             0           0
/opt/airflow/dags/bash_dag.py     96  0.06s             0           0
================================================================================
[2025-10-05T20:45:08.931+0000] {manager.py:878} INFO - 
================================================================================
DAG File Processing Stats

File Path                      PID    Runtime      # DAGs    # Errors  Last Runtime    Last Run
-----------------------------  -----  ---------  --------  ----------  --------------  -------------------
/opt/airflow/dags/airflow.py                            1           0  2.97s           2025-10-05T20:44:41
/opt/airflow/dags/bash_dag.py                           1           0  0.43s           2025-10-05T20:44:39
================================================================================
[2025-10-05T20:45:39.517+0000] {manager.py:878} INFO - 
================================================================================
DAG File Processing Stats

File Path                      PID    Runtime      # DAGs    # Errors  Last Runtime    Last Run
-----------------------------  -----  ---------  --------  ----------  --------------  -------------------
/opt/airflow/dags/airflow.py                            1           0  1.84s           2025-10-05T20:45:14
/opt/airflow/dags/bash_dag.py                           1           0  0.20s           2025-10-05T20:45:09
================================================================================
[2025-10-05T20:46:09.994+0000] {manager.py:878} INFO - 
================================================================================
DAG File Processing Stats

File Path                      PID    Runtime      # DAGs    # Errors  Last Runtime    Last Run
-----------------------------  -----  ---------  --------  ----------  --------------  -------------------
/opt/airflow/dags/airflow.py                            1           0  1.83s           2025-10-05T20:45:46
/opt/airflow/dags/bash_dag.py                           1           0  0.16s           2025-10-05T20:45:40
================================================================================
[2025-10-05T20:46:40.354+0000] {manager.py:878} INFO - 
================================================================================
DAG File Processing Stats

File Path                      PID    Runtime      # DAGs    # Errors  Last Runtime    Last Run
-----------------------------  -----  ---------  --------  ----------  --------------  -------------------
/opt/airflow/dags/airflow.py                            1           0  1.80s           2025-10-05T20:46:19
/opt/airflow/dags/bash_dag.py                           1           0  0.17s           2025-10-05T20:46:10
================================================================================
[2025-10-05T20:46:51.266+0000] {manager.py:452} INFO - Exiting gracefully upon receiving signal 15
[2025-10-05T20:46:51.266+0000] {manager.py:452} INFO - Exiting gracefully upon receiving signal 15
[2025-10-05T20:46:51.513+0000] {manager.py:452} INFO - Exiting gracefully upon receiving signal 15
[2025-10-15T00:17:18.756+0000] {manager.py:470} INFO - Processing files using up to 2 processes at a time 
[2025-10-15T00:17:18.758+0000] {manager.py:471} INFO - Process each file at most once every 30 seconds
[2025-10-15T00:17:18.760+0000] {manager.py:472} INFO - Checking for new files in /opt/airflow/dags every 300 seconds
[2025-10-15T00:17:18.762+0000] {manager.py:737} INFO - Searching for files in /opt/airflow/dags
[2025-10-15T00:17:19.080+0000] {manager.py:740} INFO - There are 2 files in /opt/airflow/dags
[2025-10-15T00:17:19.308+0000] {manager.py:878} INFO - 
================================================================================
DAG File Processing Stats

File Path                        PID  Runtime      # DAGs    # Errors  Last Runtime    Last Run
-----------------------------  -----  ---------  --------  ----------  --------------  ----------
/opt/airflow/dags/airflow.py     102  0.10s             0           0
/opt/airflow/dags/bash_dag.py    103  0.07s             0           0
================================================================================
[2025-10-15T00:17:49.543+0000] {manager.py:878} INFO - 
================================================================================
DAG File Processing Stats

File Path                      PID    Runtime      # DAGs    # Errors  Last Runtime    Last Run
-----------------------------  -----  ---------  --------  ----------  --------------  -------------------
/opt/airflow/dags/airflow.py                            1           0  4.10s           2025-10-15T00:17:23
/opt/airflow/dags/bash_dag.py                           1           0  0.65s           2025-10-15T00:17:19
================================================================================
[2025-10-15T00:18:19.685+0000] {manager.py:878} INFO - 
================================================================================
DAG File Processing Stats

File Path                      PID    Runtime      # DAGs    # Errors  Last Runtime    Last Run
-----------------------------  -----  ---------  --------  ----------  --------------  -------------------
/opt/airflow/dags/airflow.py                            1           0  2.21s           2025-10-15T00:17:55
/opt/airflow/dags/bash_dag.py                           1           0  0.21s           2025-10-15T00:17:50
================================================================================
[2025-10-15T00:18:50.214+0000] {manager.py:878} INFO - 
================================================================================
DAG File Processing Stats

File Path                      PID    Runtime      # DAGs    # Errors  Last Runtime    Last Run
-----------------------------  -----  ---------  --------  ----------  --------------  -------------------
/opt/airflow/dags/airflow.py                            1           0  2.27s           2025-10-15T00:18:28
/opt/airflow/dags/bash_dag.py                           1           0  0.20s           2025-10-15T00:18:20
================================================================================
[2025-10-15T00:19:20.693+0000] {manager.py:878} INFO - 
================================================================================
DAG File Processing Stats

File Path                      PID    Runtime      # DAGs    # Errors  Last Runtime    Last Run
-----------------------------  -----  ---------  --------  ----------  --------------  -------------------
/opt/airflow/dags/airflow.py                            1           0  2.19s           2025-10-15T00:19:00
/opt/airflow/dags/bash_dag.py                           1           0  0.18s           2025-10-15T00:18:51
================================================================================
[2025-10-15T00:19:51.190+0000] {manager.py:878} INFO - 
================================================================================
DAG File Processing Stats

File Path                      PID    Runtime      # DAGs    # Errors  Last Runtime    Last Run
-----------------------------  -----  ---------  --------  ----------  --------------  -------------------
/opt/airflow/dags/airflow.py                            1           0  2.50s           2025-10-15T00:19:33
/opt/airflow/dags/bash_dag.py                           1           0  0.20s           2025-10-15T00:19:21
================================================================================
[2025-10-15T00:20:21.675+0000] {manager.py:878} INFO - 
================================================================================
DAG File Processing Stats

File Path                      PID    Runtime      # DAGs    # Errors  Last Runtime    Last Run
-----------------------------  -----  ---------  --------  ----------  --------------  -------------------
/opt/airflow/dags/airflow.py                            1           0  2.25s           2025-10-15T00:20:05
/opt/airflow/dags/bash_dag.py                           1           0  0.17s           2025-10-15T00:19:52
================================================================================
[2025-10-15T00:20:52.077+0000] {manager.py:878} INFO - 
================================================================================
DAG File Processing Stats

File Path                      PID    Runtime      # DAGs    # Errors  Last Runtime    Last Run
-----------------------------  -----  ---------  --------  ----------  --------------  -------------------
/opt/airflow/dags/airflow.py                            1           0  2.05s           2025-10-15T00:20:37
/opt/airflow/dags/bash_dag.py                           1           0  0.21s           2025-10-15T00:20:22
================================================================================
[2025-10-15T00:21:13.217+0000] {manager.py:452} INFO - Exiting gracefully upon receiving signal 15
[2025-10-15T00:37:34.842+0000] {manager.py:470} INFO - Processing files using up to 2 processes at a time 
[2025-10-15T00:37:34.844+0000] {manager.py:471} INFO - Process each file at most once every 30 seconds
[2025-10-15T00:37:34.846+0000] {manager.py:472} INFO - Checking for new files in /opt/airflow/dags every 300 seconds
[2025-10-15T00:37:34.848+0000] {manager.py:737} INFO - Searching for files in /opt/airflow/dags
[2025-10-15T00:37:35.022+0000] {manager.py:740} INFO - There are 2 files in /opt/airflow/dags
[2025-10-15T00:37:35.227+0000] {manager.py:878} INFO - 
================================================================================
DAG File Processing Stats

File Path                        PID  Runtime      # DAGs    # Errors  Last Runtime    Last Run
-----------------------------  -----  ---------  --------  ----------  --------------  ----------
/opt/airflow/dags/airflow.py     102  0.09s             0           0
/opt/airflow/dags/bash_dag.py    103  0.07s             0           0
================================================================================
[2025-10-15T00:38:05.988+0000] {manager.py:878} INFO - 
================================================================================
DAG File Processing Stats

File Path                        PID  Runtime      # DAGs    # Errors  Last Runtime    Last Run
-----------------------------  -----  ---------  --------  ----------  --------------  -------------------
/opt/airflow/dags/airflow.py                            1           0  4.81s           2025-10-15T00:37:39
/opt/airflow/dags/bash_dag.py    126  0.01s             1           0  0.57s           2025-10-15T00:37:35
================================================================================
[2025-10-15T00:38:36.502+0000] {manager.py:878} INFO - 
================================================================================
DAG File Processing Stats

File Path                        PID  Runtime      # DAGs    # Errors  Last Runtime    Last Run
-----------------------------  -----  ---------  --------  ----------  --------------  -------------------
/opt/airflow/dags/airflow.py                            1           0  2.54s           2025-10-15T00:38:12
/opt/airflow/dags/bash_dag.py    150  0.01s             1           0  0.21s           2025-10-15T00:38:06
================================================================================
[2025-10-15T00:39:06.995+0000] {manager.py:878} INFO - 
================================================================================
DAG File Processing Stats

File Path                        PID  Runtime      # DAGs    # Errors  Last Runtime    Last Run
-----------------------------  -----  ---------  --------  ----------  --------------  -------------------
/opt/airflow/dags/airflow.py                            1           0  2.38s           2025-10-15T00:38:45
/opt/airflow/dags/bash_dag.py    174  0.01s             1           0  0.19s           2025-10-15T00:38:36
================================================================================
[2025-10-15T00:39:37.544+0000] {manager.py:878} INFO - 
================================================================================
DAG File Processing Stats

File Path                        PID  Runtime      # DAGs    # Errors  Last Runtime    Last Run
-----------------------------  -----  ---------  --------  ----------  --------------  -------------------
/opt/airflow/dags/airflow.py                            1           0  2.12s           2025-10-15T00:39:17
/opt/airflow/dags/bash_dag.py    199  0.01s             1           0  0.23s           2025-10-15T00:39:07
================================================================================
[2025-10-15T00:40:07.973+0000] {manager.py:878} INFO - 
================================================================================
DAG File Processing Stats

File Path                        PID  Runtime      # DAGs    # Errors  Last Runtime    Last Run
-----------------------------  -----  ---------  --------  ----------  --------------  -------------------
/opt/airflow/dags/airflow.py                            1           0  2.07s           2025-10-15T00:39:49
/opt/airflow/dags/bash_dag.py    223  0.01s             1           0  0.18s           2025-10-15T00:39:37
================================================================================
[2025-10-15T00:40:38.491+0000] {manager.py:878} INFO - 
================================================================================
DAG File Processing Stats

File Path                        PID  Runtime      # DAGs    # Errors  Last Runtime    Last Run
-----------------------------  -----  ---------  --------  ----------  --------------  -------------------
/opt/airflow/dags/airflow.py                            1           0  2.24s           2025-10-15T00:40:22
/opt/airflow/dags/bash_dag.py    247  0.01s             1           0  0.22s           2025-10-15T00:40:08
================================================================================
[2025-10-15T00:41:08.829+0000] {manager.py:878} INFO - 
================================================================================
DAG File Processing Stats

File Path                        PID  Runtime      # DAGs    # Errors  Last Runtime    Last Run
-----------------------------  -----  ---------  --------  ----------  --------------  -------------------
/opt/airflow/dags/airflow.py                            1           0  2.16s           2025-10-15T00:40:54
/opt/airflow/dags/bash_dag.py    271  0.01s             1           0  0.18s           2025-10-15T00:40:38
================================================================================
[2025-10-15T00:41:39.327+0000] {manager.py:878} INFO - 
================================================================================
DAG File Processing Stats

File Path                        PID  Runtime      # DAGs    # Errors  Last Runtime    Last Run
-----------------------------  -----  ---------  --------  ----------  --------------  -------------------
/opt/airflow/dags/airflow.py                            1           0  2.19s           2025-10-15T00:41:27
/opt/airflow/dags/bash_dag.py    295  0.01s             1           0  0.20s           2025-10-15T00:41:09
================================================================================
[2025-10-15T00:42:09.748+0000] {manager.py:878} INFO - 
================================================================================
DAG File Processing Stats

File Path                        PID  Runtime      # DAGs    # Errors  Last Runtime    Last Run
-----------------------------  -----  ---------  --------  ----------  --------------  -------------------
/opt/airflow/dags/airflow.py                            1           0  2.05s           2025-10-15T00:41:59
/opt/airflow/dags/bash_dag.py    319  0.01s             1           0  0.19s           2025-10-15T00:41:39
================================================================================
[2025-10-15T00:42:35.011+0000] {manager.py:737} INFO - Searching for files in /opt/airflow/dags
[2025-10-15T00:42:35.198+0000] {manager.py:740} INFO - There are 2 files in /opt/airflow/dags
[2025-10-15T00:42:40.294+0000] {manager.py:878} INFO - 
================================================================================
DAG File Processing Stats

File Path                        PID  Runtime      # DAGs    # Errors  Last Runtime    Last Run
-----------------------------  -----  ---------  --------  ----------  --------------  -------------------
/opt/airflow/dags/airflow.py                            1           0  2.04s           2025-10-15T00:42:32
/opt/airflow/dags/bash_dag.py    343  0.01s             1           0  0.21s           2025-10-15T00:42:09
================================================================================
[2025-10-15T00:42:48.822+0000] {manager.py:452} INFO - Exiting gracefully upon receiving signal 15
